This is pdfTeX, Version 3.14159265-2.6-1.40.18 (MiKTeX 2.9.6400) (preloaded format=pdflatex 2017.10.17)  17 JAN 2018 04:56
entering extended mode
**./AnalisisVectorial.tex
(AnalisisVectorial.tex
LaTeX2e <2017-04-15>
Babel <3.14> and hyphenation patterns for 72 language(s) loaded.
("C:\Program Files (x86)\MiKTeX 2.9\tex\latex\base\report.cls"
Document Class: report 2014/09/29 v1.4h Standard LaTeX document class
("C:\Program Files (x86)\MiKTeX 2.9\tex\latex\base\fleqn.clo"
File: fleqn.clo 2016/12/29 v1.2a Standard LaTeX option (flush left equations)
\mathindent=\dimen102
Applying: [2015/01/01] Make \[ robust on input line 50.
LaTeX Info: Redefining \[ on input line 51.
Already applied: [0000/00/00] Make \[ robust on input line 62.
Applying: [2015/01/01] Make \] robust on input line 74.
LaTeX Info: Redefining \] on input line 75.
Already applied: [0000/00/00] Make \] robust on input line 83.
)
("C:\Program Files (x86)\MiKTeX 2.9\tex\latex\base\size12.clo"
File: size12.clo 2014/09/29 v1.4h Standard LaTeX file (size option)
)
\c@part=\count79
\c@chapter=\count80
\c@section=\count81
\c@subsection=\count82
\c@subsubsection=\count83
\c@paragraph=\count84
\c@subparagraph=\count85
\c@figure=\count86
\c@table=\count87
\abovecaptionskip=\skip41
\belowcaptionskip=\skip42
\bibindent=\dimen103
)
("C:\Program Files (x86)\MiKTeX 2.9\tex\latex\geometry\geometry.sty"
Package: geometry 2010/09/12 v5.6 Page Geometry

("C:\Program Files (x86)\MiKTeX 2.9\tex\latex\graphics\keyval.sty"
Package: keyval 2014/10/28 v1.15 key=value parser (DPC)
\KV@toks@=\toks14
)
("C:\Program Files (x86)\MiKTeX 2.9\tex\generic\oberdiek\ifpdf.sty"
Package: ifpdf 2017/03/15 v3.2 Provides the ifpdf switch
)
("C:\Program Files (x86)\MiKTeX 2.9\tex\generic\oberdiek\ifvtex.sty"
Package: ifvtex 2016/05/16 v1.6 Detect VTeX and its facilities (HO)
Package ifvtex Info: VTeX not detected.
)
("C:\Program Files (x86)\MiKTeX 2.9\tex\generic\ifxetex\ifxetex.sty"
Package: ifxetex 2010/09/12 v0.6 Provides ifxetex conditional
)
\Gm@cnth=\count88
\Gm@cntv=\count89
\c@Gm@tempcnt=\count90
\Gm@bindingoffset=\dimen104
\Gm@wd@mp=\dimen105
\Gm@odd@mp=\dimen106
\Gm@even@mp=\dimen107
\Gm@layoutwidth=\dimen108
\Gm@layoutheight=\dimen109
\Gm@layouthoffset=\dimen110
\Gm@layoutvoffset=\dimen111
\Gm@dimlist=\toks15

("C:\Program Files (x86)\MiKTeX 2.9\tex\latex\geometry\geometry.cfg"))
("C:\Program Files (x86)\MiKTeX 2.9\tex\latex\base\ifthen.sty"
Package: ifthen 2014/09/29 v1.1c Standard LaTeX ifthen package (DPC)
)
("C:\Program Files (x86)\MiKTeX 2.9\tex\latex\hyperref\hyperref.sty"
Package: hyperref 2017/03/14 v6.85a Hypertext links for LaTeX

("C:\Program Files (x86)\MiKTeX 2.9\tex\generic\oberdiek\hobsub-hyperref.sty"
Package: hobsub-hyperref 2016/05/16 v1.14 Bundle oberdiek, subset hyperref (HO)


("C:\Program Files (x86)\MiKTeX 2.9\tex\generic\oberdiek\hobsub-generic.sty"
Package: hobsub-generic 2016/05/16 v1.14 Bundle oberdiek, subset generic (HO)
Package: hobsub 2016/05/16 v1.14 Construct package bundles (HO)
Package: infwarerr 2016/05/16 v1.4 Providing info/warning/error messages (HO)
Package: ltxcmds 2016/05/16 v1.23 LaTeX kernel commands for general use (HO)
Package: ifluatex 2016/05/16 v1.4 Provides the ifluatex switch (HO)
Package ifluatex Info: LuaTeX not detected.
Package hobsub Info: Skipping package `ifvtex' (already loaded).
Package: intcalc 2016/05/16 v1.2 Expandable calculations with integers (HO)
Package hobsub Info: Skipping package `ifpdf' (already loaded).
Package: etexcmds 2016/05/16 v1.6 Avoid name clashes with e-TeX commands (HO)
Package etexcmds Info: Could not find \expanded.
(etexcmds)             That can mean that you are not using pdfTeX 1.50 or
(etexcmds)             that some package has redefined \expanded.
(etexcmds)             In the latter case, load this package earlier.
Package: kvsetkeys 2016/05/16 v1.17 Key value parser (HO)
Package: kvdefinekeys 2016/05/16 v1.4 Define keys (HO)
Package: pdftexcmds 2017/03/19 v0.25 Utility functions of pdfTeX for LuaTeX (HO
)
Package pdftexcmds Info: LuaTeX not detected.
Package pdftexcmds Info: \pdf@primitive is available.
Package pdftexcmds Info: \pdf@ifprimitive is available.
Package pdftexcmds Info: \pdfdraftmode found.
Package: pdfescape 2016/05/16 v1.14 Implements pdfTeX's escape features (HO)
Package: bigintcalc 2016/05/16 v1.4 Expandable calculations on big integers (HO
)
Package: bitset 2016/05/16 v1.2 Handle bit-vector datatype (HO)
Package: uniquecounter 2016/05/16 v1.3 Provide unlimited unique counter (HO)
)
Package hobsub Info: Skipping package `hobsub' (already loaded).
Package: letltxmacro 2016/05/16 v1.5 Let assignment for LaTeX macros (HO)
Package: hopatch 2016/05/16 v1.3 Wrapper for package hooks (HO)
Package: xcolor-patch 2016/05/16 xcolor patch
Package: atveryend 2016/05/16 v1.9 Hooks at the very end of document (HO)
Package atveryend Info: \enddocument detected (standard20110627).
Package: atbegshi 2016/06/09 v1.18 At begin shipout hook (HO)
Package: refcount 2016/05/16 v3.5 Data extraction from label references (HO)
Package: hycolor 2016/05/16 v1.8 Color options for hyperref/bookmark (HO)
)
("C:\Program Files (x86)\MiKTeX 2.9\tex\latex\oberdiek\auxhook.sty"
Package: auxhook 2016/05/16 v1.4 Hooks for auxiliary files (HO)
)
("C:\Program Files (x86)\MiKTeX 2.9\tex\latex\oberdiek\kvoptions.sty"
Package: kvoptions 2016/05/16 v3.12 Key value format for package options (HO)
)
\@linkdim=\dimen112
\Hy@linkcounter=\count91
\Hy@pagecounter=\count92

("C:\Program Files (x86)\MiKTeX 2.9\tex\latex\hyperref\pd1enc.def"
File: pd1enc.def 2017/03/14 v6.85a Hyperref: PDFDocEncoding definition (HO)
)
\Hy@SavedSpaceFactor=\count93

(C:\Users\alan-\AppData\Roaming\MiKTeX\2.9\tex\latex\00miktex\hyperref.cfg
File: hyperref.cfg 2002/06/06 v1.2 hyperref configuration of TeXLive
)
Package hyperref Info: Hyper figures OFF on input line 4498.
Package hyperref Info: Link nesting OFF on input line 4503.
Package hyperref Info: Hyper index ON on input line 4506.
Package hyperref Info: Plain pages OFF on input line 4513.
Package hyperref Info: Backreferencing OFF on input line 4518.
Package hyperref Info: Implicit mode ON; LaTeX internals redefined.
Package hyperref Info: Bookmarks ON on input line 4751.
\c@Hy@tempcnt=\count94

(C:\Users\alan-\AppData\Roaming\MiKTeX\2.9\tex\latex\url\url.sty
\Urlmuskip=\muskip10
Package: url 2013/09/16  ver 3.4  Verb mode for urls, etc.
)
LaTeX Info: Redefining \url on input line 5104.
\XeTeXLinkMargin=\dimen113
\Fld@menulength=\count95
\Field@Width=\dimen114
\Fld@charsize=\dimen115
Package hyperref Info: Hyper figures OFF on input line 6358.
Package hyperref Info: Link nesting OFF on input line 6363.
Package hyperref Info: Hyper index ON on input line 6366.
Package hyperref Info: backreferencing OFF on input line 6373.
Package hyperref Info: Link coloring OFF on input line 6378.
Package hyperref Info: Link coloring with OCG OFF on input line 6383.
Package hyperref Info: PDF/A mode OFF on input line 6388.
LaTeX Info: Redefining \ref on input line 6428.
LaTeX Info: Redefining \pageref on input line 6432.
\Hy@abspage=\count96
\c@Item=\count97
\c@Hfootnote=\count98
)

Package hyperref Message: Driver (autodetected): hpdftex.

("C:\Program Files (x86)\MiKTeX 2.9\tex\latex\hyperref\hpdftex.def"
File: hpdftex.def 2017/03/14 v6.85a Hyperref driver for pdfTeX
\Fld@listcount=\count99
\c@bookmark@seq@number=\count100

("C:\Program Files (x86)\MiKTeX 2.9\tex\latex\oberdiek\rerunfilecheck.sty"
Package: rerunfilecheck 2016/05/16 v1.8 Rerun checks for auxiliary files (HO)
Package uniquecounter Info: New unique counter `rerunfilecheck' on input line 2
82.
)
\Hy@SectionHShift=\skip43
)
(C:\Users\alan-\AppData\Roaming\MiKTeX\2.9\tex\latex\pdfpages\pdfpages.sty
Package: pdfpages 2017/10/31 v0.5l Insert pages of external PDF documents (AM)

("C:\Program Files (x86)\MiKTeX 2.9\tex\latex\tools\calc.sty"
Package: calc 2014/10/28 v4.3 Infix arithmetic (KKT,FJ)
\calc@Acount=\count101
\calc@Bcount=\count102
\calc@Adimen=\dimen116
\calc@Bdimen=\dimen117
\calc@Askip=\skip44
\calc@Bskip=\skip45
LaTeX Info: Redefining \setlength on input line 80.
LaTeX Info: Redefining \addtolength on input line 81.
\calc@Ccount=\count103
\calc@Cskip=\skip46
)
(C:\Users\alan-\AppData\Roaming\MiKTeX\2.9\tex\latex\eso-pic\eso-pic.sty
Package: eso-pic 2015/07/21 v2.0g eso-pic (RN)

(C:\Users\alan-\AppData\Roaming\MiKTeX\2.9\tex\latex\xcolor\xcolor.sty
Package: xcolor 2016/05/11 v2.12 LaTeX color extensions (UK)

(C:\Users\alan-\AppData\Roaming\MiKTeX\2.9\tex\latex\graphics-cfg\color.cfg
File: color.cfg 2016/01/02 v1.6 sample color configuration
)
Package xcolor Info: Driver file: pdftex.def on input line 225.

(C:\Users\alan-\AppData\Roaming\MiKTeX\2.9\tex\latex\graphics-def\pdftex.def
File: pdftex.def 2017/06/24 v1.0g Graphics/color driver for pdftex
)
Package xcolor Info: Model `cmy' substituted by `cmy0' on input line 1348.
Package xcolor Info: Model `hsb' substituted by `rgb' on input line 1352.
Package xcolor Info: Model `RGB' extended on input line 1364.
Package xcolor Info: Model `HTML' substituted by `rgb' on input line 1366.
Package xcolor Info: Model `Hsb' substituted by `hsb' on input line 1367.
Package xcolor Info: Model `tHsb' substituted by `hsb' on input line 1368.
Package xcolor Info: Model `HSB' substituted by `hsb' on input line 1369.
Package xcolor Info: Model `Gray' substituted by `gray' on input line 1370.
Package xcolor Info: Model `wave' substituted by `hsb' on input line 1371.
)) ("C:\Program Files (x86)\MiKTeX 2.9\tex\latex\graphics\graphicx.sty"
Package: graphicx 2017/06/01 v1.1a Enhanced LaTeX Graphics (DPC,SPQR)

("C:\Program Files (x86)\MiKTeX 2.9\tex\latex\graphics\graphics.sty"
Package: graphics 2017/06/25 v1.2c Standard LaTeX Graphics (DPC,SPQR)

("C:\Program Files (x86)\MiKTeX 2.9\tex\latex\graphics\trig.sty"
Package: trig 2016/01/03 v1.10 sin cos tan (DPC)
)
(C:\Users\alan-\AppData\Roaming\MiKTeX\2.9\tex\latex\graphics-cfg\graphics.cfg
File: graphics.cfg 2016/06/04 v1.11 sample graphics configuration
)
Package graphics Info: Driver file: pdftex.def on input line 99.
)
\Gin@req@height=\dimen118
\Gin@req@width=\dimen119
)
\AM@pagewidth=\dimen120
\AM@pageheight=\dimen121
 (C:\Users\alan-\AppData\Roaming\MiKTeX\2.9\tex\latex\pdfpages\pppdftex.def
File: pppdftex.def 2017/10/31 v0.5l Pdfpages driver for pdfTeX (AM)
)
\AM@pagebox=\box26
\AM@global@opts=\toks16
\AM@toc@title=\toks17
\c@AM@survey=\count104
\AM@templatesizebox=\box27
)
Package hyperref Info: Option `pageanchor' set `false' on input line 15.
("C:\Program Files (x86)\MiKTeX 2.9\tex\generic\babel\babel.sty"
Package: babel 2017/10/04 3.14 The Babel package

("C:\Program Files (x86)\MiKTeX 2.9\tex\generic\babel\switch.def"
File: switch.def 2017/10/04 3.14 Babel switching mechanism
)
*************************************
* Local config file bblopts.cfg used
*
(C:\Users\alan-\AppData\Roaming\MiKTeX\2.9\tex\latex\arabi\bblopts.cfg
File: bblopts.cfg 2005/09/08 v0.1 add Arabic and Farsi to "declared" options of
 babel
)
("C:\Program Files (x86)\MiKTeX 2.9\tex\latex\babel-spanish\spanish.ldf"
Language: spanish.ldf 2016/03/03 v5.0p Spanish support from the babel system

("C:\Program Files (x86)\MiKTeX 2.9\tex\generic\babel\babel.def"
File: babel.def 2017/10/04 3.14 Babel common definitions

("C:\Program Files (x86)\MiKTeX 2.9\tex\generic\babel\switch.def"
File: switch.def 2017/10/04 3.14 Babel switching mechanism
)
\babel@savecnt=\count105
\U@D=\dimen122
)
\es@quottoks=\toks18
\es@quotdepth=\count106
Package babel Info: Making " an active character on input line 561.
Package babel Info: Making . an active character on input line 662.
Package babel Info: Making < an active character on input line 707.
Package babel Info: Making > an active character on input line 707.
))
("C:\Program Files (x86)\MiKTeX 2.9\tex\latex\base\inputenc.sty"
Package: inputenc 2015/03/17 v1.2c Input encoding file
\inpenc@prehook=\toks19
\inpenc@posthook=\toks20

("C:\Program Files (x86)\MiKTeX 2.9\tex\latex\base\utf8.def"
File: utf8.def 2017/01/28 v1.1t UTF-8 support for inputenc
Now handling font encoding OML ...
... no UTF-8 mapping file for font encoding OML
Now handling font encoding T1 ...
... processing UTF-8 mapping file for font encoding T1

("C:\Program Files (x86)\MiKTeX 2.9\tex\latex\base\t1enc.dfu"
File: t1enc.dfu 2017/01/28 v1.1t UTF-8 support for inputenc
   defining Unicode char U+00A0 (decimal 160)
   defining Unicode char U+00A1 (decimal 161)
   defining Unicode char U+00A3 (decimal 163)
   defining Unicode char U+00AB (decimal 171)
   defining Unicode char U+00AD (decimal 173)
   defining Unicode char U+00BB (decimal 187)
   defining Unicode char U+00BF (decimal 191)
   defining Unicode char U+00C0 (decimal 192)
   defining Unicode char U+00C1 (decimal 193)
   defining Unicode char U+00C2 (decimal 194)
   defining Unicode char U+00C3 (decimal 195)
   defining Unicode char U+00C4 (decimal 196)
   defining Unicode char U+00C5 (decimal 197)
   defining Unicode char U+00C6 (decimal 198)
   defining Unicode char U+00C7 (decimal 199)
   defining Unicode char U+00C8 (decimal 200)
   defining Unicode char U+00C9 (decimal 201)
   defining Unicode char U+00CA (decimal 202)
   defining Unicode char U+00CB (decimal 203)
   defining Unicode char U+00CC (decimal 204)
   defining Unicode char U+00CD (decimal 205)
   defining Unicode char U+00CE (decimal 206)
   defining Unicode char U+00CF (decimal 207)
   defining Unicode char U+00D0 (decimal 208)
   defining Unicode char U+00D1 (decimal 209)
   defining Unicode char U+00D2 (decimal 210)
   defining Unicode char U+00D3 (decimal 211)
   defining Unicode char U+00D4 (decimal 212)
   defining Unicode char U+00D5 (decimal 213)
   defining Unicode char U+00D6 (decimal 214)
   defining Unicode char U+00D8 (decimal 216)
   defining Unicode char U+00D9 (decimal 217)
   defining Unicode char U+00DA (decimal 218)
   defining Unicode char U+00DB (decimal 219)
   defining Unicode char U+00DC (decimal 220)
   defining Unicode char U+00DD (decimal 221)
   defining Unicode char U+00DE (decimal 222)
   defining Unicode char U+00DF (decimal 223)
   defining Unicode char U+00E0 (decimal 224)
   defining Unicode char U+00E1 (decimal 225)
   defining Unicode char U+00E2 (decimal 226)
   defining Unicode char U+00E3 (decimal 227)
   defining Unicode char U+00E4 (decimal 228)
   defining Unicode char U+00E5 (decimal 229)
   defining Unicode char U+00E6 (decimal 230)
   defining Unicode char U+00E7 (decimal 231)
   defining Unicode char U+00E8 (decimal 232)
   defining Unicode char U+00E9 (decimal 233)
   defining Unicode char U+00EA (decimal 234)
   defining Unicode char U+00EB (decimal 235)
   defining Unicode char U+00EC (decimal 236)
   defining Unicode char U+00ED (decimal 237)
   defining Unicode char U+00EE (decimal 238)
   defining Unicode char U+00EF (decimal 239)
   defining Unicode char U+00F0 (decimal 240)
   defining Unicode char U+00F1 (decimal 241)
   defining Unicode char U+00F2 (decimal 242)
   defining Unicode char U+00F3 (decimal 243)
   defining Unicode char U+00F4 (decimal 244)
   defining Unicode char U+00F5 (decimal 245)
   defining Unicode char U+00F6 (decimal 246)
   defining Unicode char U+00F8 (decimal 248)
   defining Unicode char U+00F9 (decimal 249)
   defining Unicode char U+00FA (decimal 250)
   defining Unicode char U+00FB (decimal 251)
   defining Unicode char U+00FC (decimal 252)
   defining Unicode char U+00FD (decimal 253)
   defining Unicode char U+00FE (decimal 254)
   defining Unicode char U+00FF (decimal 255)
   defining Unicode char U+0100 (decimal 256)
   defining Unicode char U+0101 (decimal 257)
   defining Unicode char U+0102 (decimal 258)
   defining Unicode char U+0103 (decimal 259)
   defining Unicode char U+0104 (decimal 260)
   defining Unicode char U+0105 (decimal 261)
   defining Unicode char U+0106 (decimal 262)
   defining Unicode char U+0107 (decimal 263)
   defining Unicode char U+0108 (decimal 264)
   defining Unicode char U+0109 (decimal 265)
   defining Unicode char U+010A (decimal 266)
   defining Unicode char U+010B (decimal 267)
   defining Unicode char U+010C (decimal 268)
   defining Unicode char U+010D (decimal 269)
   defining Unicode char U+010E (decimal 270)
   defining Unicode char U+010F (decimal 271)
   defining Unicode char U+0110 (decimal 272)
   defining Unicode char U+0111 (decimal 273)
   defining Unicode char U+0112 (decimal 274)
   defining Unicode char U+0113 (decimal 275)
   defining Unicode char U+0114 (decimal 276)
   defining Unicode char U+0115 (decimal 277)
   defining Unicode char U+0116 (decimal 278)
   defining Unicode char U+0117 (decimal 279)
   defining Unicode char U+0118 (decimal 280)
   defining Unicode char U+0119 (decimal 281)
   defining Unicode char U+011A (decimal 282)
   defining Unicode char U+011B (decimal 283)
   defining Unicode char U+011C (decimal 284)
   defining Unicode char U+011D (decimal 285)
   defining Unicode char U+011E (decimal 286)
   defining Unicode char U+011F (decimal 287)
   defining Unicode char U+0120 (decimal 288)
   defining Unicode char U+0121 (decimal 289)
   defining Unicode char U+0122 (decimal 290)
   defining Unicode char U+0123 (decimal 291)
   defining Unicode char U+0124 (decimal 292)
   defining Unicode char U+0125 (decimal 293)
   defining Unicode char U+0128 (decimal 296)
   defining Unicode char U+0129 (decimal 297)
   defining Unicode char U+012A (decimal 298)
   defining Unicode char U+012B (decimal 299)
   defining Unicode char U+012C (decimal 300)
   defining Unicode char U+012D (decimal 301)
   defining Unicode char U+012E (decimal 302)
   defining Unicode char U+012F (decimal 303)
   defining Unicode char U+0130 (decimal 304)
   defining Unicode char U+0131 (decimal 305)
   defining Unicode char U+0132 (decimal 306)
   defining Unicode char U+0133 (decimal 307)
   defining Unicode char U+0134 (decimal 308)
   defining Unicode char U+0135 (decimal 309)
   defining Unicode char U+0136 (decimal 310)
   defining Unicode char U+0137 (decimal 311)
   defining Unicode char U+0139 (decimal 313)
   defining Unicode char U+013A (decimal 314)
   defining Unicode char U+013B (decimal 315)
   defining Unicode char U+013C (decimal 316)
   defining Unicode char U+013D (decimal 317)
   defining Unicode char U+013E (decimal 318)
   defining Unicode char U+0141 (decimal 321)
   defining Unicode char U+0142 (decimal 322)
   defining Unicode char U+0143 (decimal 323)
   defining Unicode char U+0144 (decimal 324)
   defining Unicode char U+0145 (decimal 325)
   defining Unicode char U+0146 (decimal 326)
   defining Unicode char U+0147 (decimal 327)
   defining Unicode char U+0148 (decimal 328)
   defining Unicode char U+014A (decimal 330)
   defining Unicode char U+014B (decimal 331)
   defining Unicode char U+014C (decimal 332)
   defining Unicode char U+014D (decimal 333)
   defining Unicode char U+014E (decimal 334)
   defining Unicode char U+014F (decimal 335)
   defining Unicode char U+0150 (decimal 336)
   defining Unicode char U+0151 (decimal 337)
   defining Unicode char U+0152 (decimal 338)
   defining Unicode char U+0153 (decimal 339)
   defining Unicode char U+0154 (decimal 340)
   defining Unicode char U+0155 (decimal 341)
   defining Unicode char U+0156 (decimal 342)
   defining Unicode char U+0157 (decimal 343)
   defining Unicode char U+0158 (decimal 344)
   defining Unicode char U+0159 (decimal 345)
   defining Unicode char U+015A (decimal 346)
   defining Unicode char U+015B (decimal 347)
   defining Unicode char U+015C (decimal 348)
   defining Unicode char U+015D (decimal 349)
   defining Unicode char U+015E (decimal 350)
   defining Unicode char U+015F (decimal 351)
   defining Unicode char U+0160 (decimal 352)
   defining Unicode char U+0161 (decimal 353)
   defining Unicode char U+0162 (decimal 354)
   defining Unicode char U+0163 (decimal 355)
   defining Unicode char U+0164 (decimal 356)
   defining Unicode char U+0165 (decimal 357)
   defining Unicode char U+0168 (decimal 360)
   defining Unicode char U+0169 (decimal 361)
   defining Unicode char U+016A (decimal 362)
   defining Unicode char U+016B (decimal 363)
   defining Unicode char U+016C (decimal 364)
   defining Unicode char U+016D (decimal 365)
   defining Unicode char U+016E (decimal 366)
   defining Unicode char U+016F (decimal 367)
   defining Unicode char U+0170 (decimal 368)
   defining Unicode char U+0171 (decimal 369)
   defining Unicode char U+0172 (decimal 370)
   defining Unicode char U+0173 (decimal 371)
   defining Unicode char U+0174 (decimal 372)
   defining Unicode char U+0175 (decimal 373)
   defining Unicode char U+0176 (decimal 374)
   defining Unicode char U+0177 (decimal 375)
   defining Unicode char U+0178 (decimal 376)
   defining Unicode char U+0179 (decimal 377)
   defining Unicode char U+017A (decimal 378)
   defining Unicode char U+017B (decimal 379)
   defining Unicode char U+017C (decimal 380)
   defining Unicode char U+017D (decimal 381)
   defining Unicode char U+017E (decimal 382)
   defining Unicode char U+01CD (decimal 461)
   defining Unicode char U+01CE (decimal 462)
   defining Unicode char U+01CF (decimal 463)
   defining Unicode char U+01D0 (decimal 464)
   defining Unicode char U+01D1 (decimal 465)
   defining Unicode char U+01D2 (decimal 466)
   defining Unicode char U+01D3 (decimal 467)
   defining Unicode char U+01D4 (decimal 468)
   defining Unicode char U+01E2 (decimal 482)
   defining Unicode char U+01E3 (decimal 483)
   defining Unicode char U+01E6 (decimal 486)
   defining Unicode char U+01E7 (decimal 487)
   defining Unicode char U+01E8 (decimal 488)
   defining Unicode char U+01E9 (decimal 489)
   defining Unicode char U+01EA (decimal 490)
   defining Unicode char U+01EB (decimal 491)
   defining Unicode char U+01F0 (decimal 496)
   defining Unicode char U+01F4 (decimal 500)
   defining Unicode char U+01F5 (decimal 501)
   defining Unicode char U+0218 (decimal 536)
   defining Unicode char U+0219 (decimal 537)
   defining Unicode char U+021A (decimal 538)
   defining Unicode char U+021B (decimal 539)
   defining Unicode char U+0232 (decimal 562)
   defining Unicode char U+0233 (decimal 563)
   defining Unicode char U+1E02 (decimal 7682)
   defining Unicode char U+1E03 (decimal 7683)
   defining Unicode char U+200C (decimal 8204)
   defining Unicode char U+2010 (decimal 8208)
   defining Unicode char U+2011 (decimal 8209)
   defining Unicode char U+2012 (decimal 8210)
   defining Unicode char U+2013 (decimal 8211)
   defining Unicode char U+2014 (decimal 8212)
   defining Unicode char U+2015 (decimal 8213)
   defining Unicode char U+2018 (decimal 8216)
   defining Unicode char U+2019 (decimal 8217)
   defining Unicode char U+201A (decimal 8218)
   defining Unicode char U+201C (decimal 8220)
   defining Unicode char U+201D (decimal 8221)
   defining Unicode char U+201E (decimal 8222)
   defining Unicode char U+2030 (decimal 8240)
   defining Unicode char U+2031 (decimal 8241)
   defining Unicode char U+2039 (decimal 8249)
   defining Unicode char U+203A (decimal 8250)
   defining Unicode char U+2423 (decimal 9251)
   defining Unicode char U+1E20 (decimal 7712)
   defining Unicode char U+1E21 (decimal 7713)
)
Now handling font encoding OT1 ...
... processing UTF-8 mapping file for font encoding OT1

("C:\Program Files (x86)\MiKTeX 2.9\tex\latex\base\ot1enc.dfu"
File: ot1enc.dfu 2017/01/28 v1.1t UTF-8 support for inputenc
   defining Unicode char U+00A0 (decimal 160)
   defining Unicode char U+00A1 (decimal 161)
   defining Unicode char U+00A3 (decimal 163)
   defining Unicode char U+00AD (decimal 173)
   defining Unicode char U+00B8 (decimal 184)
   defining Unicode char U+00BF (decimal 191)
   defining Unicode char U+00C5 (decimal 197)
   defining Unicode char U+00C6 (decimal 198)
   defining Unicode char U+00D8 (decimal 216)
   defining Unicode char U+00DF (decimal 223)
   defining Unicode char U+00E6 (decimal 230)
   defining Unicode char U+00EC (decimal 236)
   defining Unicode char U+00ED (decimal 237)
   defining Unicode char U+00EE (decimal 238)
   defining Unicode char U+00EF (decimal 239)
   defining Unicode char U+00F8 (decimal 248)
   defining Unicode char U+0131 (decimal 305)
   defining Unicode char U+0141 (decimal 321)
   defining Unicode char U+0142 (decimal 322)
   defining Unicode char U+0152 (decimal 338)
   defining Unicode char U+0153 (decimal 339)
   defining Unicode char U+0174 (decimal 372)
   defining Unicode char U+0175 (decimal 373)
   defining Unicode char U+0176 (decimal 374)
   defining Unicode char U+0177 (decimal 375)
   defining Unicode char U+0218 (decimal 536)
   defining Unicode char U+0219 (decimal 537)
   defining Unicode char U+021A (decimal 538)
   defining Unicode char U+021B (decimal 539)
   defining Unicode char U+2013 (decimal 8211)
   defining Unicode char U+2014 (decimal 8212)
   defining Unicode char U+2018 (decimal 8216)
   defining Unicode char U+2019 (decimal 8217)
   defining Unicode char U+201C (decimal 8220)
   defining Unicode char U+201D (decimal 8221)
)
Now handling font encoding OMS ...
... processing UTF-8 mapping file for font encoding OMS

("C:\Program Files (x86)\MiKTeX 2.9\tex\latex\base\omsenc.dfu"
File: omsenc.dfu 2017/01/28 v1.1t UTF-8 support for inputenc
   defining Unicode char U+00A7 (decimal 167)
   defining Unicode char U+00B6 (decimal 182)
   defining Unicode char U+00B7 (decimal 183)
   defining Unicode char U+2020 (decimal 8224)
   defining Unicode char U+2021 (decimal 8225)
   defining Unicode char U+2022 (decimal 8226)
)
Now handling font encoding OMX ...
... no UTF-8 mapping file for font encoding OMX
Now handling font encoding U ...
... no UTF-8 mapping file for font encoding U
Now handling font encoding PD1 ...
... no UTF-8 mapping file for font encoding PD1
   defining Unicode char U+00A9 (decimal 169)
   defining Unicode char U+00AA (decimal 170)
   defining Unicode char U+00AE (decimal 174)
   defining Unicode char U+00BA (decimal 186)
   defining Unicode char U+02C6 (decimal 710)
   defining Unicode char U+02DC (decimal 732)
   defining Unicode char U+200C (decimal 8204)
   defining Unicode char U+2026 (decimal 8230)
   defining Unicode char U+2122 (decimal 8482)
   defining Unicode char U+2423 (decimal 9251)
))
("C:\Program Files (x86)\MiKTeX 2.9\tex\latex\base\fontenc.sty"
Package: fontenc 2017/04/05 v2.0i Standard LaTeX package

("C:\Program Files (x86)\MiKTeX 2.9\tex\latex\base\t1enc.def"
File: t1enc.def 2017/04/05 v2.0i Standard LaTeX file
LaTeX Font Info:    Redeclaring font encoding T1 on input line 48.
))
(C:\Users\alan-\AppData\Roaming\MiKTeX\2.9\tex\latex\amsrefs\textcmds.sty
Package: textcmds 2012/08/02 v2.00
)
(C:\Users\alan-\AppData\Roaming\MiKTeX\2.9\tex\latex\changepage\changepage.sty
Package: changepage 2009/10/20 v1.0c check page and change page layout
\c@cp@cntr=\count107
\cp@tempcnt=\count108
)
(C:\Users\alan-\AppData\Roaming\MiKTeX\2.9\tex\latex\anyfontsize\anyfontsize.st
y
Package: anyfontsize 2007/11/22 anyfontsize.sty by pts
) (C:\Users\alan-\AppData\Roaming\MiKTeX\2.9\tex\latex\ntheorem\ntheorem.sty
Style `ntheorem', Version 1.33 <2011/08/15>
Package: ntheorem 2011/08/15 1.33
\theorem@style=\toks21
\theorem@@style=\toks22
\theorembodyfont=\toks23
\theoremnumbering=\toks24
\theorempreskipamount=\skip47
\theorempostskipamount=\skip48
\theoremframepreskipamount=\skip49
\theoremframepostskipamount=\skip50
\theoreminframepreskipamount=\skip51
\theoreminframepostskipamount=\skip52
\theorem@preskip=\toks25
\theorem@postskip=\toks26
\theorem@framepreskip=\toks27
\theorem@framepostskip=\toks28
\theorem@inframepreskip=\toks29
\theorem@inframepostskip=\toks30
\theoremindent=\dimen123
\theorem@indent=\dimen124
\theoremrightindent=\dimen125
\theorem@rightindent=\dimen126
\theoremheaderfont=\toks31
\theoremseparator=\toks32
\theoremprework=\toks33
\theorempostwork=\toks34
\theoremsymbol=\toks35
\qedsymbol=\toks36
\theoremkeyword=\toks37
\qedsymbol=\toks38
\thm@topsep=\skip53
\thm@topsepadd=\skip54
) ("C:\Program Files (x86)\MiKTeX 2.9\tex\latex\amsmath\amsmath.sty"
Package: amsmath 2017/09/02 v2.17a AMS math features
\@mathmargin=\skip55

For additional information on amsmath, use the `?' option.
("C:\Program Files (x86)\MiKTeX 2.9\tex\latex\amsmath\amstext.sty"
Package: amstext 2000/06/29 v2.01 AMS text

("C:\Program Files (x86)\MiKTeX 2.9\tex\latex\amsmath\amsgen.sty"
File: amsgen.sty 1999/11/30 v2.0 generic functions
\@emptytoks=\toks39
\ex@=\dimen127
))
("C:\Program Files (x86)\MiKTeX 2.9\tex\latex\amsmath\amsbsy.sty"
Package: amsbsy 1999/11/29 v1.2d Bold Symbols
\pmbraise@=\dimen128
)
("C:\Program Files (x86)\MiKTeX 2.9\tex\latex\amsmath\amsopn.sty"
Package: amsopn 2016/03/08 v2.02 operator names
)
\inf@bad=\count109
LaTeX Info: Redefining \frac on input line 213.
\uproot@=\count110
\leftroot@=\count111
LaTeX Info: Redefining \overline on input line 375.
\classnum@=\count112
\DOTSCASE@=\count113
LaTeX Info: Redefining \ldots on input line 472.
LaTeX Info: Redefining \dots on input line 475.
LaTeX Info: Redefining \cdots on input line 596.
\Mathstrutbox@=\box28
\strutbox@=\box29
\big@size=\dimen129
LaTeX Font Info:    Redeclaring font encoding OML on input line 712.
LaTeX Font Info:    Redeclaring font encoding OMS on input line 713.
\macc@depth=\count114
\c@MaxMatrixCols=\count115
\dotsspace@=\muskip11
\c@parentequation=\count116
\dspbrk@lvl=\count117
\tag@help=\toks40
\row@=\count118
\column@=\count119
\maxfields@=\count120
\andhelp@=\toks41
\eqnshift@=\dimen130
\alignsep@=\dimen131
\tagshift@=\dimen132
\tagwidth@=\dimen133
\totwidth@=\dimen134
\lineht@=\dimen135
\@envbody=\toks42
\multlinegap=\skip56
\multlinetaggap=\skip57
\mathdisplay@stack=\toks43
LaTeX Info: Redefining \[ on input line 2817.
LaTeX Info: Redefining \] on input line 2818.
)
("C:\Program Files (x86)\MiKTeX 2.9\tex\latex\amsfonts\amssymb.sty"
Package: amssymb 2013/01/14 v3.01 AMS font symbols

("C:\Program Files (x86)\MiKTeX 2.9\tex\latex\amsfonts\amsfonts.sty"
Package: amsfonts 2013/01/14 v3.01 Basic AMSFonts support
\symAMSa=\mathgroup4
\symAMSb=\mathgroup5
LaTeX Font Info:    Overwriting math alphabet `\mathfrak' in version `bold'
(Font)                  U/euf/m/n --> U/euf/b/n on input line 106.
))
("C:\Program Files (x86)\MiKTeX 2.9\tex\latex\jknappen\mathrsfs.sty"
Package: mathrsfs 1996/01/01 Math RSFS package v1.0 (jk)
\symrsfs=\mathgroup6
)
(C:\Users\alan-\AppData\Roaming\MiKTeX\2.9\tex\latex\mathtools\mathtools.sty
Package: mathtools 2017/10/30 v1.20 mathematical typesetting tools

(C:\Users\alan-\AppData\Roaming\MiKTeX\2.9\tex\latex\mathtools\mhsetup.sty
Package: mhsetup 2017/03/31 v1.3 programming setup (MH)
)
LaTeX Info: Thecontrolsequence`\('isalreadyrobust on input line 129.
LaTeX Info: Thecontrolsequence`\)'isalreadyrobust on input line 129.
LaTeX Info: Thecontrolsequence`\['isalreadyrobust on input line 129.
LaTeX Info: Thecontrolsequence`\]'isalreadyrobust on input line 129.
\g_MT_multlinerow_int=\count121
\l_MT_multwidth_dim=\dimen136
\origjot=\skip58
\l_MT_shortvdotswithinadjustabove_dim=\dimen137
\l_MT_shortvdotswithinadjustbelow_dim=\dimen138
\l_MT_above_intertext_sep=\dimen139
\l_MT_below_intertext_sep=\dimen140
\l_MT_above_shortintertext_sep=\dimen141
\l_MT_below_shortintertext_sep=\dimen142
)
(C:\Users\alan-\AppData\Roaming\MiKTeX\2.9\tex\latex\mathtools\empheq.sty
Package: empheq 2017/03/31 v2.15 Emphasizing equations
\l_EQ_equationtype_int=\count122
\l_EQ_alignmentmode_int=\count123
\l_EQ_totalwidth_dim=\dimen143
\l_EQ_displaywidth_dim=\dimen144
\l_EQ_temp_linewidth_dim=\dimen145
\EmphEqdelimitershortfall=\dimen146
\EmphEqdelimiterfactor=\count124
\g_EQ_toptag_height_dim=\dimen147
\g_EQ_bottomtag_depth_dim=\dimen148
\g_EQ_toprow_height_dim=\dimen149
\g_EQ_bottomrow_depth_dim=\dimen150
\g_EQ_widesttag_dim=\dimen151
\EQ_mathdisplay_box=\box30
\EQ_tag_box=\box31
\g_EQ_temprow_int=\count125
)
(C:\Users\alan-\AppData\Roaming\MiKTeX\2.9\tex\latex\cancel\cancel.sty
Package: cancel 2013/04/12 v2.2 Cancel math terms
)
("C:\Program Files (x86)\MiKTeX 2.9\tex\latex\oberdiek\centernot.sty"
Package: centernot 2016/05/16 v1.4 Centers the not symbol horizontally (HO)
)
("C:\Program Files (x86)\MiKTeX 2.9\tex\latex\float\float.sty"
Package: float 2001/11/08 v1.3d Float enhancements (AL)
\c@float@type=\count126
\float@exts=\toks44
\float@box=\box32
\@float@everytoks=\toks45
\@floatcapt=\box33
)
(C:\Users\alan-\AppData\Roaming\MiKTeX\2.9\tex\latex\wrapfig\wrapfig.sty
\wrapoverhang=\dimen152
\WF@size=\dimen153
\c@WF@wrappedlines=\count127
\WF@box=\box34
\WF@everypar=\toks46
Package: wrapfig 2003/01/31  v 3.6
)
(C:\Users\alan-\AppData\Roaming\MiKTeX\2.9\tex\latex\listings\listings.sty
\lst@mode=\count128
\lst@gtempboxa=\box35
\lst@token=\toks47
\lst@length=\count129
\lst@currlwidth=\dimen154
\lst@column=\count130
\lst@pos=\count131
\lst@lostspace=\dimen155
\lst@width=\dimen156
\lst@newlines=\count132
\lst@lineno=\count133
\lst@maxwidth=\dimen157

(C:\Users\alan-\AppData\Roaming\MiKTeX\2.9\tex\latex\listings\lstmisc.sty
File: lstmisc.sty 2015/06/04 1.6 (Carsten Heinz)
\c@lstnumber=\count134
\lst@skipnumbers=\count135
\lst@framebox=\box36
)
(C:\Users\alan-\AppData\Roaming\MiKTeX\2.9\tex\latex\listings\listings.cfg
File: listings.cfg 2015/06/04 1.6 listings configuration
))
Package: listings 2015/06/04 1.6 (Carsten Heinz)

("C:\Program Files (x86)\MiKTeX 2.9\tex\latex\oberdiek\listingsutf8.sty"
Package: listingsutf8 2016/05/16 v1.3 Allow UTF-8 in listings input (HO)

("C:\Program Files (x86)\MiKTeX 2.9\tex\generic\oberdiek\stringenc.sty"
Package: stringenc 2016/05/16 v1.11 Convert strings between diff. encodings (HO
)
))
(C:\Users\alan-\AppData\Roaming\MiKTeX\2.9\tex\latex\enumitem\enumitem.sty
Package: enumitem 2011/09/28 v3.5.2 Customized lists
\labelindent=\skip59
\enit@outerparindent=\dimen158
\enit@toks=\toks48
\enit@inbox=\box37
\enitdp@description=\count136
)
(C:\Users\alan-\AppData\Roaming\MiKTeX\2.9\tex\latex\tasks\tasks.sty
(C:\Users\alan-\AppData\Roaming\MiKTeX\2.9\tex\latex\l3kernel\expl3.sty
Package: expl3 2017/12/16 L3 programming layer (loader) 

(C:\Users\alan-\AppData\Roaming\MiKTeX\2.9\tex\latex\l3kernel\expl3-code.tex
Package: expl3 2017/12/16 L3 programming layer (code)
\c_max_int=\count137
\l_tmpa_int=\count138
\l_tmpb_int=\count139
\g_tmpa_int=\count140
\g_tmpb_int=\count141
\g__intarray_font_int=\count142
\g__prg_map_int=\count143
\c_log_iow=\count144
\l_iow_line_count_int=\count145
\l__iow_line_target_int=\count146
\l__iow_one_indent_int=\count147
\l__iow_indent_int=\count148
\c_zero_dim=\dimen159
\c_max_dim=\dimen160
\l_tmpa_dim=\dimen161
\l_tmpb_dim=\dimen162
\g_tmpa_dim=\dimen163
\g_tmpb_dim=\dimen164
\c_zero_skip=\skip60
\c_max_skip=\skip61
\l_tmpa_skip=\skip62
\l_tmpb_skip=\skip63
\g_tmpa_skip=\skip64
\g_tmpb_skip=\skip65
\c_zero_muskip=\muskip12
\c_max_muskip=\muskip13
\l_tmpa_muskip=\muskip14
\l_tmpb_muskip=\muskip15
\g_tmpa_muskip=\muskip16
\g_tmpb_muskip=\muskip17
\l_keys_choice_int=\count149
\c__fp_leading_shift_int=\count150
\c__fp_middle_shift_int=\count151
\c__fp_trailing_shift_int=\count152
\c__fp_big_leading_shift_int=\count153
\c__fp_big_middle_shift_int=\count154
\c__fp_big_trailing_shift_int=\count155
\c__fp_Bigg_leading_shift_int=\count156
\c__fp_Bigg_middle_shift_int=\count157
\c__fp_Bigg_trailing_shift_int=\count158
\c__fp_rand_size_int=\count159
\c__fp_rand_four_int=\count160
\c__fp_rand_eight_int=\count161
\l__sort_length_int=\count162
\l__sort_min_int=\count163
\l__sort_top_int=\count164
\l__sort_max_int=\count165
\l__sort_true_max_int=\count166
\l__sort_block_int=\count167
\l__sort_begin_int=\count168
\l__sort_end_int=\count169
\l__sort_A_int=\count170
\l__sort_B_int=\count171
\l__sort_C_int=\count172
\l__tl_build_start_index_int=\count173
\l__tl_build_index_int=\count174
\l__tl_analysis_normal_int=\count175
\l__tl_analysis_index_int=\count176
\l__tl_analysis_nesting_int=\count177
\l__tl_analysis_type_int=\count178
\l__regex_internal_a_int=\count179
\l__regex_internal_b_int=\count180
\l__regex_internal_c_int=\count181
\l__regex_balance_int=\count182
\l__regex_group_level_int=\count183
\l__regex_mode_int=\count184
\c__regex_cs_in_class_mode_int=\count185
\c__regex_cs_mode_int=\count186
\l__regex_catcodes_int=\count187
\l__regex_default_catcodes_int=\count188
\c__regex_catcode_D_int=\count189
\c__regex_catcode_S_int=\count190
\c__regex_catcode_L_int=\count191
\c__regex_catcode_O_int=\count192
\c__regex_catcode_A_int=\count193
\c__regex_all_catcodes_int=\count194
\l__regex_show_lines_int=\count195
\l__regex_min_state_int=\count196
\l__regex_max_state_int=\count197
\l__regex_left_state_int=\count198
\l__regex_right_state_int=\count199
\l__regex_capturing_group_int=\count266
\l__regex_min_pos_int=\count267
\l__regex_max_pos_int=\count268
\l__regex_curr_pos_int=\count269
\l__regex_start_pos_int=\count270
\l__regex_success_pos_int=\count271
\l__regex_curr_char_int=\count272
\l__regex_curr_catcode_int=\count273
\l__regex_last_char_int=\count274
\l__regex_case_changed_char_int=\count275
\l__regex_curr_state_int=\count276
\l__regex_step_int=\count277
\l__regex_min_active_int=\count278
\l__regex_max_active_int=\count279
\l__regex_replacement_csnames_int=\count280
\l__regex_match_count_int=\count281
\l__regex_min_submatch_int=\count282
\l__regex_submatch_int=\count283
\l__regex_zeroth_submatch_int=\count284
\g__debug_trace_regex_int=\count285
\c_empty_box=\box38
\l_tmpa_box=\box39
\l_tmpb_box=\box40
\g_tmpa_box=\box41
\g_tmpb_box=\box42
\l__box_top_dim=\dimen165
\l__box_bottom_dim=\dimen166
\l__box_left_dim=\dimen167
\l__box_right_dim=\dimen168
\l__box_top_new_dim=\dimen169
\l__box_bottom_new_dim=\dimen170
\l__box_left_new_dim=\dimen171
\l__box_right_new_dim=\dimen172
\l__box_internal_box=\box43
\l__coffin_internal_box=\box44
\l__coffin_internal_dim=\dimen173
\l__coffin_offset_x_dim=\dimen174
\l__coffin_offset_y_dim=\dimen175
\l__coffin_x_dim=\dimen176
\l__coffin_y_dim=\dimen177
\l__coffin_x_prime_dim=\dimen178
\l__coffin_y_prime_dim=\dimen179
\c_empty_coffin=\box45
\l__coffin_aligned_coffin=\box46
\l__coffin_aligned_internal_coffin=\box47
\l_tmpa_coffin=\box48
\l_tmpb_coffin=\box49
\l__coffin_display_coffin=\box50
\l__coffin_display_coord_coffin=\box51
\l__coffin_display_pole_coffin=\box52
\l__coffin_display_offset_dim=\dimen180
\l__coffin_display_x_dim=\dimen181
\l__coffin_display_y_dim=\dimen182
\l__coffin_bounding_shift_dim=\dimen183
\l__coffin_left_corner_dim=\dimen184
\l__coffin_right_corner_dim=\dimen185
\l__coffin_bottom_corner_dim=\dimen186
\l__coffin_top_corner_dim=\dimen187
\l__coffin_scaled_total_height_dim=\dimen188
\l__coffin_scaled_width_dim=\dimen189
)
(C:\Users\alan-\AppData\Roaming\MiKTeX\2.9\tex\latex\l3kernel\l3pdfmode.def
File: l3pdfmode.def 2017/03/18 v L3 Experimental driver: PDF mode
\l__driver_color_stack_int=\count286
\l__driver_tmp_box=\box53
))
(C:\Users\alan-\AppData\Roaming\MiKTeX\2.9\tex\latex\l3packages\xparse\xparse.s
ty
Package: xparse 2017/12/16 L3 Experimental document command parser
\l__xparse_current_arg_int=\count287
\g__xparse_grabber_int=\count288
\l__xparse_m_args_int=\count289
\l__xparse_mandatory_args_int=\count290
\l__xparse_v_nesting_int=\count291
) (C:\Users\alan-\AppData\Roaming\MiKTeX\2.9\tex\latex\eepic\epic.sty
Enhancements to Picture Environment. Version 1.2 - Released June 1, 1986
\@@multicnt=\count292
\d@lta=\count293
\@delta=\dimen190
\@@delta=\dimen191
\@gridcnt=\count294
\@joinkind=\count295
\@dotgap=\dimen192
\@ddotgap=\dimen193
\@x@diff=\count296
\@y@diff=\count297
\x@diff=\dimen194
\y@diff=\dimen195
\@dotbox=\box54
\num@segments=\count298
\num@segmentsi=\count299
\@datafile=\read1
)
(C:\Users\alan-\AppData\Roaming\MiKTeX\2.9\tex\latex\cntformats\cntformats.sty
Package: cntformats 2014/07/20 v0.7 A different way to read counters. (CN)

(C:\Users\alan-\AppData\Roaming\MiKTeX\2.9\tex\latex\etoolbox\etoolbox.sty
Package: etoolbox 2017/01/02 v2.4 e-TeX tools for LaTeX (JAW)
\etb@tempcnta=\count300
)
(C:\Users\alan-\AppData\Roaming\MiKTeX\2.9\tex\latex\cnltx\cnltx-base.sty
Package: cnltx-base 2015/08/17 v0.13 LaTeX tools and documenting facilities (CN
)

(C:\Users\alan-\AppData\Roaming\MiKTeX\2.9\tex\latex\pgfopts\pgfopts.sty
Package: pgfopts 2014/07/10 v2.1a LaTeX package options with pgfkeys

(C:\Users\alan-\AppData\Roaming\MiKTeX\2.9\tex\latex\pgf\utilities\pgfkeys.sty
(C:\Users\alan-\AppData\Roaming\MiKTeX\2.9\tex\generic\pgf\utilities\pgfkeys.co
de.tex
\pgfkeys@pathtoks=\toks49
\pgfkeys@temptoks=\toks50

(C:\Users\alan-\AppData\Roaming\MiKTeX\2.9\tex\generic\pgf\utilities\pgfkeysfil
tered.code.tex
\pgfkeys@tmptoks=\toks51
)))
\pgfopts@list@add@a@toks=\toks52
\pgfopts@list@add@b@toks=\toks53
)
\c@cnltx@tmpa=\count301
\c@cnltx@tmpb=\count302
\c@cnltx@tmpc=\count303
\cnltx@tmpa@length=\skip66
\cnltx@tmpb@length=\skip67
\cnltx@tmpc@length=\skip68

(C:\Users\alan-\AppData\Roaming\MiKTeX\2.9\tex\latex\trimspaces\trimspaces.sty
Package: trimspaces 2009/09/17 v1.1 Trim spaces around a token list
)))
(C:\Users\alan-\AppData\Roaming\MiKTeX\2.9\tex\latex\l3packages\xtemplate\xtemp
late.sty
Package: xtemplate 2017/12/16 L3 Experimental prototype document functions
\l__xtemplate_tmp_dim=\dimen196
\l__xtemplate_tmp_int=\count304
\l__xtemplate_tmp_muskip=\muskip18
\l__xtemplate_tmp_skip=\skip69
)
(C:\Users\alan-\AppData\Roaming\MiKTeX\2.9\tex\latex\environ\environ.sty
Package: environ 2014/05/04 v0.3 A new way to define environments
)
Package: tasks 2016/08/13 v0.12 Horizontalcolumnedlists (CN)
\l__tasks_depth_int=\count305
\g__tasks_int=\count306
\g__tasks_total_items_int=\count307
\l__tasks_columns_int=\count308
\l__tasks_rows_int=\count309
\g__tasks_current_col_num_int=\count310
\g__tasks_current_row_num_int=\count311
\l__tasks_item_columns_int=\count312
\l__tasks_item_indent_dim=\dimen197
\l__tasks_item_default_indent_dim=\dimen198
\l__tasks_item_width_dim=\dimen199
\l__tasks_label_width_dim=\dimen256
\l__tasks_label_default_width_dim=\dimen257
\l__tasks_label_offset_dim=\dimen258
\l__tasks_label_default_offset_dim=\dimen259
\l__tasks_column_sep_dim=\dimen260
\l__tasks_after_item_skip=\skip70
\l__tasks_custom_after_item_skip=\skip71
\l__tasks_before_list_skip=\skip72
\l__tasks_after_list_skip=\skip73
\l__tasks_item_coffin=\box55
\l__tasks_label_coffin=\box56
\c@task=\count313
\l__tasks_tmpa_int=\count314
\l__tasks_tmpb_int=\count315
\l__tasks_tmpa_coffin=\box57
.................................................
. xtemplate info: "declare-object-type"
. 
. Declaring object type 'tasks' taking 3 argument(s) on line 379.
.................................................
\l__tasks_choice_width_dim=\dimen261
\l__tasks_choice_linewidth_dim=\dimen262
\l__tasks_choice_checkwidth_dim=\dimen263
\l__tasks_choice_raise_dim=\dimen264
.................................................
. LaTeX info: "xparse/define-command"
. 
. Defining command \startnewitemline with sig. '' on line 692.
.................................................
.................................................
. LaTeX info: "xparse/define-command"
. 
. Defining command \NewTasks with sig. 'O{}mO{\task }D(){1}' on line 701.
.................................................
.................................................
. LaTeX info: "xparse/define-command"
. 
. Defining command \RenewTasks with sig. 'O{}mO{\task }D(){1}' on line 708.
.................................................
.................................................
. LaTeX info: "xparse/define-environment"
. 
. Defining environment 'tasks' with sig. 'O{}D(){1}' on line 714.
.................................................
\g__file_internal_ior=\read2

(C:\Users\alan-\AppData\Roaming\MiKTeX\2.9\tex\latex\tasks\tasks.cfg
File: tasks.cfg 2016/08/13 v0.12 tasks instances
)
.................................................
. LaTeX info: "xparse/define-command"
. 
. Defining command \settasks with sig. 'm' on line 722.
.................................................
)
("C:\Program Files (x86)\MiKTeX 2.9\tex\latex\tools\longtable.sty"
Package: longtable 2014/10/28 v4.11 Multi-page Table package (DPC)
\LTleft=\skip74
\LTright=\skip75
\LTpre=\skip76
\LTpost=\skip77
\LTchunksize=\count316
\LTcapwidth=\dimen265
\LT@head=\box58
\LT@firsthead=\box59
\LT@foot=\box60
\LT@lastfoot=\box61
\LT@cols=\count317
\LT@rows=\count318
\c@LT@tables=\count319
\c@LT@chunks=\count320
\LT@p@ftn=\toks54
)
(C:\Users\alan-\AppData\Roaming\MiKTeX\2.9\tex\latex\booktabs\booktabs.sty
Package: booktabs 2005/04/14 v1.61803 publication quality tables
\heavyrulewidth=\dimen266
\lightrulewidth=\dimen267
\cmidrulewidth=\dimen268
\belowrulesep=\dimen269
\belowbottomsep=\dimen270
\aboverulesep=\dimen271
\abovetopsep=\dimen272
\cmidrulesep=\dimen273
\cmidrulekern=\dimen274
\defaultaddspace=\dimen275
\@cmidla=\count321
\@cmidlb=\count322
\@aboverulesep=\dimen276
\@belowrulesep=\dimen277
\@thisruleclass=\count323
\@lastruleclass=\count324
\@thisrulewidth=\dimen278
)
("C:\Program Files (x86)\MiKTeX 2.9\tex\latex\tools\tabularx.sty"
Package: tabularx 2016/02/03 v2.11 `tabularx' package (DPC)

("C:\Program Files (x86)\MiKTeX 2.9\tex\latex\tools\array.sty"
Package: array 2016/10/06 v2.4d Tabular extension package (FMi)
\col@sep=\dimen279
\extrarowheight=\dimen280
\NC@list=\toks55
\extratabsurround=\skip78
\backup@length=\skip79
)
\TX@col@width=\dimen281
\TX@old@table=\dimen282
\TX@old@col=\dimen283
\TX@target=\dimen284
\TX@delta=\dimen285
\TX@cols=\count325
\TX@ftn=\toks56
)
("C:\Program Files (x86)\MiKTeX 2.9\tex\latex\multirow\multirow.sty"
Package: multirow 2016/11/25 v2.2 Span multiple rows of a table
\multirow@colwidth=\skip80
\multirow@cntb=\count326
\multirow@dima=\skip81
\bigstrutjot=\dimen286
)
("C:\Program Files (x86)\MiKTeX 2.9\tex\latex\tools\multicol.sty"
Package: multicol 2017/04/11 v1.8q multicolumn formatting (FMi)
\c@tracingmulticols=\count327
\mult@box=\box62
\multicol@leftmargin=\dimen287
\c@unbalance=\count328
\c@collectmore=\count329
\doublecol@number=\count330
\multicoltolerance=\count331
\multicolpretolerance=\count332
\full@width=\dimen288
\page@free=\dimen289
\premulticols=\dimen290
\postmulticols=\dimen291
\multicolsep=\skip82
\multicolbaselineskip=\skip83
\partial@page=\box63
\last@line=\box64
\maxbalancingoverflow=\dimen292
\mult@rightbox=\box65
\mult@grightbox=\box66
\mult@gfirstbox=\box67
\mult@firstbox=\box68
\@tempa=\box69
\@tempa=\box70
\@tempa=\box71
\@tempa=\box72
\@tempa=\box73
\@tempa=\box74
\@tempa=\box75
\@tempa=\box76
\@tempa=\box77
\@tempa=\box78
\@tempa=\box79
\@tempa=\box80
\@tempa=\box81
\@tempa=\box82
\@tempa=\box83
\@tempa=\box84
\@tempa=\box85
\c@columnbadness=\count333
\c@finalcolumnbadness=\count334
\last@try=\dimen293
\multicolovershoot=\dimen294
\multicolundershoot=\dimen295
\mult@nat@firstbox=\box86
\colbreak@box=\box87
\mc@col@check@num=\count335
)
(C:\Users\alan-\AppData\Roaming\MiKTeX\2.9\tex\latex\fancyhdr\fancyhdr.sty
Package: fancyhdr 2017/06/30 v3.9a Extensive control of page headers and footer
s
\f@nch@headwidth=\skip84
\f@nch@O@elh=\skip85
\f@nch@O@erh=\skip86
\f@nch@O@olh=\skip87
\f@nch@O@orh=\skip88
\f@nch@O@elf=\skip89
\f@nch@O@erf=\skip90
\f@nch@O@olf=\skip91
\f@nch@O@orf=\skip92
)
\c@Theorem=\count336
\c@Corollary=\count337
\c@Definition=\count338

(AnalisisVectorial.aux
LaTeX Info: Redefining \. on input line 23.
LaTeX Info: Redefining \% on input line 23.
)
\openout1 = `AnalisisVectorial.aux'.

LaTeX Font Info:    Checking defaults for OML/cmm/m/it on input line 295.
LaTeX Font Info:    ... okay on input line 295.
LaTeX Font Info:    Checking defaults for T1/cmr/m/n on input line 295.
LaTeX Font Info:    ... okay on input line 295.
LaTeX Font Info:    Checking defaults for OT1/cmr/m/n on input line 295.
LaTeX Font Info:    ... okay on input line 295.
LaTeX Font Info:    Checking defaults for OMS/cmsy/m/n on input line 295.
LaTeX Font Info:    ... okay on input line 295.
LaTeX Font Info:    Checking defaults for OMX/cmex/m/n on input line 295.
LaTeX Font Info:    ... okay on input line 295.
LaTeX Font Info:    Checking defaults for U/cmr/m/n on input line 295.
LaTeX Font Info:    ... okay on input line 295.
LaTeX Font Info:    Checking defaults for PD1/pdf/m/n on input line 295.
LaTeX Font Info:    ... okay on input line 295.

*geometry* driver: auto-detecting
*geometry* detected driver: pdftex
*geometry* verbose mode - [ preamble ] result:
* driver: pdftex
* paper: <default>
* layout: <same size as paper>
* layoutoffset:(h,v)=(0.0pt,0.0pt)
* modes: 
* h-part:(L,W,R)=(86.72377pt, 440.84746pt, 86.72377pt)
* v-part:(T,H,B)=(86.72377pt, 621.52245pt, 86.72377pt)
* \paperwidth=614.295pt
* \paperheight=794.96999pt
* \textwidth=440.84746pt
* \textheight=621.52245pt
* \oddsidemargin=14.45378pt
* \evensidemargin=14.45378pt
* \topmargin=-22.54622pt
* \headheight=16.0pt
* \headsep=25.0pt
* \topskip=12.0pt
* \footskip=30.0pt
* \marginparwidth=44.0pt
* \marginparsep=10.0pt
* \columnsep=10.0pt
* \skip\footins=10.8pt plus 4.0pt minus 2.0pt
* \hoffset=0.0pt
* \voffset=0.0pt
* \mag=1000
* \@twocolumnfalse
* \@twosidefalse
* \@mparswitchfalse
* \@reversemarginfalse
* (1in=72.27pt=25.4mm, 1cm=28.453pt)

\AtBeginShipoutBox=\box88
Package hyperref Info: Link coloring OFF on input line 295.
("C:\Program Files (x86)\MiKTeX 2.9\tex\latex\hyperref\nameref.sty"
Package: nameref 2016/05/21 v2.44 Cross-referencing by name of section

("C:\Program Files (x86)\MiKTeX 2.9\tex\generic\oberdiek\gettitlestring.sty"
Package: gettitlestring 2016/05/16 v1.5 Cleanup title references (HO)
)
\c@section@level=\count339
)
LaTeX Info: Redefining \ref on input line 295.
LaTeX Info: Redefining \pageref on input line 295.
LaTeX Info: Redefining \nameref on input line 295.

(AnalisisVectorial.out) (AnalisisVectorial.out)
\@outlinefile=\write3
\openout3 = `AnalisisVectorial.out'.


(C:\Users\alan-\AppData\Roaming\MiKTeX\2.9\tex\context\base\supp-pdf.mkii
[Loading MPS to PDF converter (version 2006.09.02).]
\scratchcounter=\count340
\scratchdimen=\dimen296
\scratchbox=\box89
\nofMPsegments=\count341
\nofMParguments=\count342
\everyMPshowfont=\toks57
\MPscratchCnt=\count343
\MPscratchDim=\dimen297
\MPnumerator=\count344
\makeMPintoPDFobject=\count345
\everyMPtoPDFconversion=\toks58
) ("C:\Program Files (x86)\MiKTeX 2.9\tex\latex\oberdiek\epstopdf-base.sty"
Package: epstopdf-base 2016/05/15 v2.6 Base part for package epstopdf

("C:\Program Files (x86)\MiKTeX 2.9\tex\latex\oberdiek\grfext.sty"
Package: grfext 2016/05/16 v1.2 Manage graphics extensions (HO)
)
Package epstopdf-base Info: Redefining graphics rule for `.eps' on input line 4
38.
Package grfext Info: Graphics extension search list:
(grfext)             [.pdf,.png,.jpg,.mps,.jpeg,.jbig2,.jb2,.PDF,.PNG,.JPG,.JPE
G,.JBIG2,.JB2,.eps]
(grfext)             \AppendGraphicsExtensions on input line 456.
)
("C:\Program Files (x86)\MiKTeX 2.9\tex\latex\oberdiek\pdflscape.sty"
Package: pdflscape 2016/05/14 v0.11 Display of landscape pages in PDF (HO)

("C:\Program Files (x86)\MiKTeX 2.9\tex\latex\graphics\lscape.sty"
Package: lscape 2000/10/22 v3.01 Landscape Pages (DPC)
)
Package pdflscape Info: Auto-detected driver: pdftex on input line 81.
)
LaTeX Info: Redefining \. on input line 295.
LaTeX Info: Redefining \% on input line 295.
\c@lstlisting=\count346
*geometry* verbose mode - [ newgeometry ] result:
* driver: pdftex
* paper: <default>
* layout: <same size as paper>
* layoutoffset:(h,v)=(0.0pt,0.0pt)
* modes: 
* h-part:(L,W,R)=(110.21185pt, 411.93796pt, 92.14519pt)
* v-part:(T,H,B)=(95.39737pt, 556.47656pt, 143.09605pt)
* \paperwidth=614.295pt
* \paperheight=794.96999pt
* \textwidth=411.93796pt
* \textheight=556.47656pt
* \oddsidemargin=37.94186pt
* \evensidemargin=37.94186pt
* \topmargin=-17.87262pt
* \headheight=16.0pt
* \headsep=25.0pt
* \topskip=12.0pt
* \footskip=30.0pt
* \marginparwidth=44.0pt
* \marginparsep=10.0pt
* \columnsep=10.0pt
* \skip\footins=10.8pt plus 4.0pt minus 2.0pt
* \hoffset=0.0pt
* \voffset=0.0pt
* \mag=1000
* \@twocolumnfalse
* \@twosidefalse
* \@mparswitchfalse
* \@reversemarginfalse
* (1in=72.27pt=25.4mm, 1cm=28.453pt)

\GPT@outputbox=\box90

Underfull \hbox (badness 10000) in paragraph at lines 314--315

 []


Overfull \hbox (14.29404pt too wide) in paragraph at lines 319--321
[][]\T1/cmr/bx/n/35.83 Anlisis Vec-to-rial[] 
 []

LaTeX Font Info:    Try loading font information for T1+cmss on input line 326.

("C:\Program Files (x86)\MiKTeX 2.9\tex\latex\base\t1cmss.fd"
File: t1cmss.fd 2014/09/29 v2.5h Standard LaTeX font definitions
) [1


{C:/Users/alan-/AppData/Local/MiKTeX/2.9/pdftex/config/pdftex.map}] (AnalisisVe
ctorial.toc
LaTeX Info: Redefining \. on input line 1.
LaTeX Info: Redefining \% on input line 1.
LaTeX Font Info:    Try loading font information for U+msa on input line 2.

("C:\Program Files (x86)\MiKTeX 2.9\tex\latex\amsfonts\umsa.fd"
File: umsa.fd 2013/01/14 v3.01 AMS symbols A
)
LaTeX Font Info:    Try loading font information for U+msb on input line 2.

("C:\Program Files (x86)\MiKTeX 2.9\tex\latex\amsfonts\umsb.fd"
File: umsb.fd 2013/01/14 v3.01 AMS symbols B
)
LaTeX Font Info:    Try loading font information for U+rsfs on input line 2.

("C:\Program Files (x86)\MiKTeX 2.9\tex\latex\jknappen\ursfs.fd"
File: ursfs.fd 1998/03/24 rsfs font definition file (jk)
) [1


]
LaTeX Info: Redefining \. on input line 56.
LaTeX Info: Redefining \% on input line 56.
LaTeX Info: Redefining \. on input line 56.
LaTeX Info: Redefining \% on input line 56.
 [2]
LaTeX Info: Redefining \. on input line 87.
LaTeX Info: Redefining \% on input line 87.
LaTeX Info: Redefining \. on input line 87.
LaTeX Info: Redefining \% on input line 87.

[3]
LaTeX Info: Redefining \. on input line 120.
LaTeX Info: Redefining \% on input line 120.
LaTeX Info: Redefining \. on input line 120.
LaTeX Info: Redefining \% on input line 120.
 [4]
LaTeX Info: Redefining \. on input line 152.
LaTeX Info: Redefining \% on input line 152.
LaTeX Info: Redefining \. on input line 152.
LaTeX Info: Redefining \% on input line 152.
 [5])
\tf@toc=\write4
\openout4 = `AnalisisVectorial.toc'.

LaTeX Info: Redefining \. on input line 354.
LaTeX Info: Redefining \% on input line 354.
LaTeX Info: Redefining \. on input line 354.
LaTeX Info: Redefining \% on input line 354.
 [6]

Package hyperref Warning: Token not allowed in a PDF string (PDFDocEncoding):
(hyperref)                removing `math shift' on input line 361.


Package hyperref Warning: Token not allowed in a PDF string (PDFDocEncoding):
(hyperref)                removing `\mathop' on input line 361.


Package hyperref Warning: Token not allowed in a PDF string (PDFDocEncoding):
(hyperref)                removing `\mathcode' on input line 361.


Package hyperref Warning: Token not allowed in a PDF string (PDFDocEncoding):
(hyperref)                removing `\mathcode' on input line 361.


Package hyperref Warning: Token not allowed in a PDF string (PDFDocEncoding):
(hyperref)                removing `\mathcode' on input line 361.


Package hyperref Warning: Token not allowed in a PDF string (PDFDocEncoding):
(hyperref)                removing `\mathchardef' on input line 361.


Package hyperref Warning: Token not allowed in a PDF string (PDFDocEncoding):
(hyperref)                removing `\std@minus' on input line 361.


Package hyperref Warning: Token not allowed in a PDF string (PDFDocEncoding):
(hyperref)                removing `\mathcode' on input line 361.


Package hyperref Warning: Token not allowed in a PDF string (PDFDocEncoding):
(hyperref)                removing `\mathcode' on input line 361.


Package hyperref Warning: Token not allowed in a PDF string (PDFDocEncoding):
(hyperref)                removing `\mathcode' on input line 361.


Package hyperref Warning: Token not allowed in a PDF string (PDFDocEncoding):
(hyperref)                removing `\mathcode' on input line 361.


Package hyperref Warning: Token not allowed in a PDF string (PDFDocEncoding):
(hyperref)                \kern 2.61018pt
(hyperref)                removed on input line 361.


Package hyperref Warning: Token not allowed in a PDF string (PDFDocEncoding):
(hyperref)                removing `\mathgroup' on input line 361.


Package hyperref Warning: Token not allowed in a PDF string (PDFDocEncoding):
(hyperref)                removing `\symoperators' on input line 361.


Package hyperref Warning: Token not allowed in a PDF string (PDFDocEncoding):
(hyperref)                removing `\@ifnextchar' on input line 361.


Package hyperref Warning: Token not allowed in a PDF string (PDFDocEncoding):
(hyperref)                removing `math shift' on input line 361.


Package hyperref Warning: Composite letter `\textacute+3'
(hyperref)                not defined in PD1 encoding,
(hyperref)                removing `\textacute' on input line 361.


Package hyperref Warning: Composite letter `\textdotaccent+"'
(hyperref)                not defined in PD1 encoding,
(hyperref)                removing `\textdotaccent' on input line 361.

[7


]
Cap\'{\i }tulo 1.
[8

]
LaTeX Info: Redefining \. on input line 434.
LaTeX Info: Redefining \% on input line 434.
LaTeX Info: Redefining \. on input line 434.
LaTeX Info: Redefining \% on input line 434.
 [9

]
LaTeX Info: Redefining \. on input line 439.
LaTeX Info: Redefining \% on input line 439.
LaTeX Info: Redefining \. on input line 439.
LaTeX Info: Redefining \% on input line 439.
 [10]
LaTeX Info: Redefining \. on input line 476.
LaTeX Info: Redefining \% on input line 476.
LaTeX Info: Redefining \. on input line 476.
LaTeX Info: Redefining \% on input line 476.
 [11

]
Cap\'{\i }tulo 2.
[12

]
Package hyperref Info: bookmark level for unknown Definition defaults to 0 on i
nput line 490.
LaTeX Info: Redefining \. on input line 551.
LaTeX Info: Redefining \% on input line 551.
LaTeX Info: Redefining \. on input line 551.
LaTeX Info: Redefining \% on input line 551.
 [13

]
LaTeX Info: Redefining \. on input line 582.
LaTeX Info: Redefining \% on input line 582.
LaTeX Info: Redefining \. on input line 582.
LaTeX Info: Redefining \% on input line 582.
 [14

]
LaTeX Info: Redefining \. on input line 677.
LaTeX Info: Redefining \% on input line 677.
LaTeX Info: Redefining \. on input line 677.
LaTeX Info: Redefining \% on input line 677.
 [15

]
LaTeX Info: Redefining \. on input line 715.
LaTeX Info: Redefining \% on input line 715.
LaTeX Info: Redefining \. on input line 715.
LaTeX Info: Redefining \% on input line 715.
 [16

]
LaTeX Info: Redefining \. on input line 799.
LaTeX Info: Redefining \% on input line 799.
LaTeX Info: Redefining \. on input line 799.
LaTeX Info: Redefining \% on input line 799.
 [17

]
LaTeX Info: Redefining \. on input line 812.
LaTeX Info: Redefining \% on input line 812.
LaTeX Info: Redefining \. on input line 812.
LaTeX Info: Redefining \% on input line 812.
 [18]
LaTeX Info: Redefining \. on input line 868.
LaTeX Info: Redefining \% on input line 868.
LaTeX Info: Redefining \. on input line 868.
LaTeX Info: Redefining \% on input line 868.
 [19

]
Package hyperref Info: bookmark level for unknown Theorem defaults to 0 on inpu
t line 888.
LaTeX Info: Redefining \. on input line 915.
LaTeX Info: Redefining \% on input line 915.
LaTeX Info: Redefining \. on input line 915.
LaTeX Info: Redefining \% on input line 915.
 [20

]
LaTeX Info: Redefining \. on input line 959.
LaTeX Info: Redefining \% on input line 959.
LaTeX Info: Redefining \. on input line 959.
LaTeX Info: Redefining \% on input line 959.
 [21

]
LaTeX Info: Redefining \. on input line 1029.
LaTeX Info: Redefining \% on input line 1029.
LaTeX Info: Redefining \. on input line 1029.
LaTeX Info: Redefining \% on input line 1029.
 [22

]
LaTeX Info: Redefining \. on input line 1049.
LaTeX Info: Redefining \% on input line 1049.
LaTeX Info: Redefining \. on input line 1049.
LaTeX Info: Redefining \% on input line 1049.
 [23]
Cap\'{\i }tulo 3.
[24

]
LaTeX Info: Redefining \. on input line 1090.
LaTeX Info: Redefining \% on input line 1090.
LaTeX Info: Redefining \. on input line 1090.
LaTeX Info: Redefining \% on input line 1090.
 [25

]
LaTeX Info: Redefining \. on input line 1183.
LaTeX Info: Redefining \% on input line 1183.
LaTeX Info: Redefining \. on input line 1183.
LaTeX Info: Redefining \% on input line 1183.
 [26

]
LaTeX Info: Redefining \. on input line 1248.
LaTeX Info: Redefining \% on input line 1248.
LaTeX Info: Redefining \. on input line 1248.
LaTeX Info: Redefining \% on input line 1248.
 [27

]
<Graphics/angleBetweenVectors.png, id=1003, 269.808pt x 215.3646pt>
File: Graphics/angleBetweenVectors.png Graphic file (type png)
<use Graphics/angleBetweenVectors.png>
Package pdftex.def Info: Graphics/angleBetweenVectors.png  used on input line 1
259. on input line 1259.
Package pdftex.def Info: Requested size: 198.38pt x 158.35515pt on input line 1
259.

Overfull \hbox (8.37566pt too wide) detected at line 1282
  $[][]$ 
 []

LaTeX Info: Redefining \. on input line 1305.
LaTeX Info: Redefining \% on input line 1305.
LaTeX Info: Redefining \. on input line 1305.
LaTeX Info: Redefining \% on input line 1305.
[28

 <./Graphics/angleBetweenVectors.png>]
LaTeX Info: Redefining \. on input line 1333.
LaTeX Info: Redefining \% on input line 1333.
LaTeX Info: Redefining \. on input line 1333.
LaTeX Info: Redefining \% on input line 1333.
 [29

]
<Graphics/vectorProyection.png, id=1024, 256.5585pt x 215.3646pt>
File: Graphics/vectorProyection.png Graphic file (type png)
<use Graphics/vectorProyection.png>
Package pdftex.def Info: Graphics/vectorProyection.png  used on input line 1340
. on input line 1340.
Package pdftex.def Info: Requested size: 256.55788pt x 215.36406pt on input lin
e 1340.
LaTeX Info: Redefining \. on input line 1377.
LaTeX Info: Redefining \% on input line 1377.
LaTeX Info: Redefining \. on input line 1377.
LaTeX Info: Redefining \% on input line 1377.
 [30

 <./Graphics/vectorProyection.png>]
LaTeX Info: Redefining \. on input line 1425.
LaTeX Info: Redefining \% on input line 1425.
LaTeX Info: Redefining \. on input line 1425.
LaTeX Info: Redefining \% on input line 1425.
 [31]
LaTeX Info: Redefining \. on input line 1459.
LaTeX Info: Redefining \% on input line 1459.
LaTeX Info: Redefining \. on input line 1459.
LaTeX Info: Redefining \% on input line 1459.
 [32

]
LaTeX Info: Redefining \. on input line 1509.
LaTeX Info: Redefining \% on input line 1509.
LaTeX Info: Redefining \. on input line 1509.
LaTeX Info: Redefining \% on input line 1509.
 [33

]
<Graphics/triangleInequality.png, id=1065, 222.8325pt x 215.3646pt>
File: Graphics/triangleInequality.png Graphic file (type png)
<use Graphics/triangleInequality.png>
Package pdftex.def Info: Graphics/triangleInequality.png  used on input line 15
25. on input line 1525.
Package pdftex.def Info: Requested size: 222.83195pt x 215.36406pt on input lin
e 1525.
LaTeX Info: Redefining \. on input line 1553.
LaTeX Info: Redefining \% on input line 1553.
LaTeX Info: Redefining \. on input line 1553.
LaTeX Info: Redefining \% on input line 1553.
 [34

 <./Graphics/triangleInequality.png>]
LaTeX Info: Redefining \. on input line 1570.
LaTeX Info: Redefining \% on input line 1570.
LaTeX Info: Redefining \. on input line 1570.
LaTeX Info: Redefining \% on input line 1570.
 [35]
<Graphics/parallelogram.png, id=1082, 165.7392pt x 215.3646pt>
File: Graphics/parallelogram.png Graphic file (type png)
<use Graphics/parallelogram.png>
Package pdftex.def Info: Graphics/parallelogram.png  used on input line 1592. o
n input line 1592.
Package pdftex.def Info: Requested size: 198.88602pt x 258.4362pt on input line
 1592.
<Graphics/rightHandRule.png, id=1083, 1204.5pt x 1090.0725pt>
File: Graphics/rightHandRule.png Graphic file (type png)
<use Graphics/rightHandRule.png>
Package pdftex.def Info: Graphics/rightHandRule.png  used on input line 1599. o
n input line 1599.
Package pdftex.def Info: Requested size: 240.89574pt x 218.01064pt on input lin
e 1599.
LaTeX Info: Redefining \. on input line 1600.
LaTeX Info: Redefining \% on input line 1600.
LaTeX Info: Redefining \. on input line 1600.
LaTeX Info: Redefining \% on input line 1600.
 [36

 <./Graphics/parallelogram.png>]
<Graphics/unitVectors.png, id=1095, 527.72156pt x 377.15906pt>
File: Graphics/unitVectors.png Graphic file (type png)
<use Graphics/unitVectors.png>
Package pdftex.def Info: Graphics/unitVectors.png  used on input line 1609. on 
input line 1609.
Package pdftex.def Info: Requested size: 316.63538pt x 226.29718pt on input lin
e 1609.
LaTeX Info: Redefining \. on input line 1613.
LaTeX Info: Redefining \% on input line 1613.
LaTeX Info: Redefining \. on input line 1613.
LaTeX Info: Redefining \% on input line 1613.
 [37 <./Graphics/rightHandRule.png> <./Graphics/unitVectors.png>]
LaTeX Info: Redefining \. on input line 1669.
LaTeX Info: Redefining \% on input line 1669.
LaTeX Info: Redefining \. on input line 1669.
LaTeX Info: Redefining \% on input line 1669.
 [38]
Overfull \hbox (89.13385pt too wide) detected at line 1752
[]
 []

LaTeX Info: Redefining \. on input line 1752.
LaTeX Info: Redefining \% on input line 1752.
LaTeX Info: Redefining \. on input line 1752.
LaTeX Info: Redefining \% on input line 1752.
[39]
LaTeX Info: Redefining \. on input line 1766.
LaTeX Info: Redefining \% on input line 1766.
LaTeX Info: Redefining \. on input line 1766.
LaTeX Info: Redefining \% on input line 1766.
 [40]
<Graphics/triangle.png, id=1135, 263.5446pt x 197.2971pt>
File: Graphics/triangle.png Graphic file (type png)
<use Graphics/triangle.png>
Package pdftex.def Info: Graphics/triangle.png  used on input line 1776. on inp
ut line 1776.
Package pdftex.def Info: Requested size: 342.60793pt x 256.48619pt on input lin
e 1776.
LaTeX Info: Redefining \. on input line 1781.
LaTeX Info: Redefining \% on input line 1781.
LaTeX Info: Redefining \. on input line 1781.
LaTeX Info: Redefining \% on input line 1781.
 [41

 <./Graphics/triangle.png>]
<Graphics/parallelogram2.png, id=1144, 332.6829pt x 198.9834pt>
File: Graphics/parallelogram2.png Graphic file (type png)
<use Graphics/parallelogram2.png>
Package pdftex.def Info: Graphics/parallelogram2.png  used on input line 1789. 
on input line 1789.
Package pdftex.def Info: Requested size: 432.48772pt x 258.67838pt on input lin
e 1789.
LaTeX Info: Redefining \. on input line 1807.
LaTeX Info: Redefining \% on input line 1807.
LaTeX Info: Redefining \. on input line 1807.
LaTeX Info: Redefining \% on input line 1807.
 [42

 <./Graphics/parallelogram2.png>]
<Graphics/sines.png, id=1154, 268.8444pt x 181.8795pt>
File: Graphics/sines.png Graphic file (type png)
<use Graphics/sines.png>
Package pdftex.def Info: Graphics/sines.png  used on input line 1814. on input 
line 1814.
Package pdftex.def Info: Requested size: 322.61168pt x 218.25429pt on input lin
e 1814.
LaTeX Info: Redefining \. on input line 1842.
LaTeX Info: Redefining \% on input line 1842.
LaTeX Info: Redefining \. on input line 1842.
LaTeX Info: Redefining \% on input line 1842.

[43

 <./Graphics/sines.png>]
Overfull \hbox (4.90723pt too wide) detected at line 1865
[]
 []

LaTeX Info: Redefining \. on input line 1869.
LaTeX Info: Redefining \% on input line 1869.
LaTeX Info: Redefining \. on input line 1869.
LaTeX Info: Redefining \% on input line 1869.
[44

]
<Graphics/parallelepiped.png, id=1176, 543.02875pt x 325.215pt>
File: Graphics/parallelepiped.png Graphic file (type png)
<use Graphics/parallelepiped.png>
Package pdftex.def Info: Graphics/parallelepiped.png  used on input line 1877. 
on input line 1877.
Package pdftex.def Info: Requested size: 434.42357pt x 260.17235pt on input lin
e 1877.

Overfull \hbox (5.27934pt too wide) in paragraph at lines 1886--1887
[]\T1/cmr/m/n/12 De esa for-ma, el vo-lu-men es $\OML/cmm/m/it/12 V \OT1/cmr/m/
n/12 = [] [] [] = [] = []$\T1/cmr/m/n/12 ,
 []

LaTeX Info: Redefining \. on input line 1896.
LaTeX Info: Redefining \% on input line 1896.
LaTeX Info: Redefining \. on input line 1896.
LaTeX Info: Redefining \% on input line 1896.
[45

 <./Graphics/parallelepiped.png>]
Overfull \hbox (0.18498pt too wide) detected at line 1937
[]
 []

LaTeX Info: Redefining \. on input line 1959.
LaTeX Info: Redefining \% on input line 1959.
LaTeX Info: Redefining \. on input line 1959.
LaTeX Info: Redefining \% on input line 1959.
[46]
LaTeX Info: Redefining \. on input line 1977.
LaTeX Info: Redefining \% on input line 1977.
LaTeX Info: Redefining \. on input line 1977.
LaTeX Info: Redefining \% on input line 1977.
 [47]
Cap\'{\i }tulo 4.
[48

]
<Graphics/plane.png, id=1212, 615.80063pt x 436.63126pt>
File: Graphics/plane.png Graphic file (type png)
<use Graphics/plane.png>
Package pdftex.def Info: Graphics/plane.png  used on input line 2005. on input 
line 2005.
Package pdftex.def Info: Requested size: 400.26566pt x 283.80695pt on input lin
e 2005.
<Graphics/plane2.png, id=1213, 620.3175pt x 512.66531pt>
File: Graphics/plane2.png Graphic file (type png)
<use Graphics/plane2.png>
Package pdftex.def Info: Graphics/plane2.png  used on input line 2032. on input
 line 2032.
Package pdftex.def Info: Requested size: 403.2016pt x 333.2285pt on input line 
2032.
LaTeX Info: Redefining \. on input line 2033.
LaTeX Info: Redefining \% on input line 2033.
LaTeX Info: Redefining \. on input line 2033.
LaTeX Info: Redefining \% on input line 2033.
 [49

 <./Graphics/plane.png>]
LaTeX Info: Redefining \. on input line 2050.
LaTeX Info: Redefining \% on input line 2050.
LaTeX Info: Redefining \. on input line 2050.
LaTeX Info: Redefining \% on input line 2050.
 [50 <./Graphics/plane2.png>]
<Graphics/plane3.png, id=1234, 546.54187pt x 512.66531pt>
File: Graphics/plane3.png Graphic file (type png)
<use Graphics/plane3.png>
Package pdftex.def Info: Graphics/plane3.png  used on input line 2053. on input
 line 2053.
Package pdftex.def Info: Requested size: 355.248pt x 333.2285pt on input line 2
053.
LaTeX Info: Redefining \. on input line 2064.
LaTeX Info: Redefining \% on input line 2064.
LaTeX Info: Redefining \. on input line 2064.
LaTeX Info: Redefining \% on input line 2064.
 [51 <./Graphics/plane3.png>]
LaTeX Info: Redefining \. on input line 2069.
LaTeX Info: Redefining \% on input line 2069.
LaTeX Info: Redefining \. on input line 2069.
LaTeX Info: Redefining \% on input line 2069.
 [52]
LaTeX Info: Redefining \. on input line 2082.
LaTeX Info: Redefining \% on input line 2082.
LaTeX Info: Redefining \. on input line 2082.
LaTeX Info: Redefining \% on input line 2082.
 [53

]
<Graphics/line.png, id=1258, 225.4824pt x 203.3196pt>
File: Graphics/line.png Graphic file (type png)
<use Graphics/line.png>
Package pdftex.def Info: Graphics/line.png  used on input line 2090. on input l
ine 2090.
Package pdftex.def Info: Requested size: 270.57751pt x 243.98228pt on input lin
e 2090.
LaTeX Info: Redefining \. on input line 2113.
LaTeX Info: Redefining \% on input line 2113.
LaTeX Info: Redefining \. on input line 2113.
LaTeX Info: Redefining \% on input line 2113.
 [54

 <./Graphics/line.png>]
<Graphics/line2.png, id=1269, 224.037pt x 198.9834pt>
File: Graphics/line2.png Graphic file (type png)
<use Graphics/line2.png>
Package pdftex.def Info: Graphics/line2.png  used on input line 2127. on input 
line 2127.
Package pdftex.def Info: Requested size: 268.84303pt x 238.77888pt on input lin
e 2127.
LaTeX Info: Redefining \. on input line 2148.
LaTeX Info: Redefining \% on input line 2148.
LaTeX Info: Redefining \. on input line 2148.
LaTeX Info: Redefining \% on input line 2148.
 [55 <./Graphics/line2.png>]
<Graphics/sphere.png, id=1281, 486.31688pt x 402.00188pt>
File: Graphics/sphere.png Graphic file (type png)
<use Graphics/sphere.png>
Package pdftex.def Info: Graphics/sphere.png  used on input line 2153. on input
 line 2153.
Package pdftex.def Info: Requested size: 413.37129pt x 341.7032pt on input line
 2153.
LaTeX Info: Redefining \. on input line 2165.
LaTeX Info: Redefining \% on input line 2165.
LaTeX Info: Redefining \. on input line 2165.
LaTeX Info: Redefining \% on input line 2165.

[56 <./Graphics/sphere.png>]
LaTeX Info: Redefining \. on input line 2173.
LaTeX Info: Redefining \% on input line 2173.
LaTeX Info: Redefining \. on input line 2173.
LaTeX Info: Redefining \% on input line 2173.
 [57]

LaTeX Warning: Reference `vectorProjection' on page 58 undefined on input line 
2180.

<Graphics/distancePointLine.png, id=1299, 203.0787pt x 192.72pt>
File: Graphics/distancePointLine.png Graphic file (type png)
<use Graphics/distancePointLine.png>
Package pdftex.def Info: Graphics/distancePointLine.png  used on input line 218
4. on input line 2184.
Package pdftex.def Info: Requested size: 335.07779pt x 317.98601pt on input lin
e 2184.
LaTeX Info: Redefining \. on input line 2198.
LaTeX Info: Redefining \% on input line 2198.
LaTeX Info: Redefining \. on input line 2198.
LaTeX Info: Redefining \% on input line 2198.
[58

 <./Graphics/distancePointLine.png>]
<Graphics/distancePointLine2.png, id=1310, 204.765pt x 192.72pt>
File: Graphics/distancePointLine2.png Graphic file (type png)
<use Graphics/distancePointLine2.png>
Package pdftex.def Info: Graphics/distancePointLine2.png  used on input line 22
05. on input line 2205.
Package pdftex.def Info: Requested size: 337.86014pt x 317.98601pt on input lin
e 2205.
LaTeX Info: Redefining \. on input line 2216.
LaTeX Info: Redefining \% on input line 2216.
LaTeX Info: Redefining \. on input line 2216.
LaTeX Info: Redefining \% on input line 2216.
 [59 <./Graphics/distancePointLine2.png>]
LaTeX Info: Redefining \. on input line 2234.
LaTeX Info: Redefining \% on input line 2234.
LaTeX Info: Redefining \. on input line 2234.
LaTeX Info: Redefining \% on input line 2234.
 [60]
<Graphics/reflection.png, id=1336, 200.6697pt x 193.9245pt>
File: Graphics/reflection.png Graphic file (type png)
<use Graphics/reflection.png>
Package pdftex.def Info: Graphics/reflection.png  used on input line 2241. on i
nput line 2241.
Package pdftex.def Info: Requested size: 331.10294pt x 319.97343pt on input lin
e 2241.
LaTeX Info: Redefining \. on input line 2256.
LaTeX Info: Redefining \% on input line 2256.
LaTeX Info: Redefining \. on input line 2256.
LaTeX Info: Redefining \% on input line 2256.
 [61

 <./Graphics/reflection.png>]
LaTeX Info: Redefining \. on input line 2261.
LaTeX Info: Redefining \% on input line 2261.
LaTeX Info: Redefining \. on input line 2261.
LaTeX Info: Redefining \% on input line 2261.
 [62]
<Graphics/distancePointPlane.png, id=1356, 563.10374pt x 429.85594pt>
File: Graphics/distancePointPlane.png Graphic file (type png)
<use Graphics/distancePointPlane.png>
Package pdftex.def Info: Graphics/distancePointPlane.png  used on input line 22
68. on input line 2268.
Package pdftex.def Info: Requested size: 450.48361pt x 343.88521pt on input lin
e 2268.

Overfull \hbox (9.63615pt too wide) in paragraph at lines 2268--2269
 [][] 
 []


Overfull \hbox (38.49818pt too wide) detected at line 2284
[]
 []

LaTeX Info: Redefining \. on input line 2284.
LaTeX Info: Redefining \% on input line 2284.
LaTeX Info: Redefining \. on input line 2284.
LaTeX Info: Redefining \% on input line 2284.
[63

 <./Graphics/distancePointPlane.png>]
LaTeX Info: Redefining \. on input line 2298.
LaTeX Info: Redefining \% on input line 2298.
LaTeX Info: Redefining \. on input line 2298.
LaTeX Info: Redefining \% on input line 2298.
 [64]
LaTeX Info: Redefining \. on input line 2331.
LaTeX Info: Redefining \% on input line 2331.
LaTeX Info: Redefining \. on input line 2331.
LaTeX Info: Redefining \% on input line 2331.
 [65

] [66

]
Cap\'{\i }tulo 5.
[67

]
Overfull \vbox (242.72754pt too high) has occurred while \output is active []

LaTeX Info: Redefining \. on input line 2374.
LaTeX Info: Redefining \% on input line 2374.
LaTeX Info: Redefining \. on input line 2374.
LaTeX Info: Redefining \% on input line 2374.

[68]
Cap\'{\i }tulo 6.
[69

]
Overfull \vbox (183.4335pt too high) has occurred while \output is active []

LaTeX Info: Redefining \. on input line 2416.
LaTeX Info: Redefining \% on input line 2416.
LaTeX Info: Redefining \. on input line 2416.
LaTeX Info: Redefining \% on input line 2416.

[70] [71

]
Cap\'{\i }tulo 7.
[72

]
Overfull \vbox (190.20885pt too high) has occurred while \output is active []

LaTeX Info: Redefining \. on input line 2456.
LaTeX Info: Redefining \% on input line 2456.
LaTeX Info: Redefining \. on input line 2456.
LaTeX Info: Redefining \% on input line 2456.

[73]
Cap\'{\i }tulo 8.
[74

]
Overfull \vbox (152.94417pt too high) has occurred while \output is active []

LaTeX Info: Redefining \. on input line 2494.
LaTeX Info: Redefining \% on input line 2494.
LaTeX Info: Redefining \. on input line 2494.
LaTeX Info: Redefining \% on input line 2494.

[75]
Cap\'{\i }tulo 9.
[76

] [77

]
Cap\'{\i }tulo 10.
\tf@thm=\write5
\openout5 = `AnalisisVectorial.thm'.

Package atveryend Info: Empty hook `BeforeClearDocument' on input line 2548.
[78

]
Overfull \vbox (158.58717pt too high) has occurred while \output is active []

LaTeX Info: Redefining \. on input line 2548.
LaTeX Info: Redefining \% on input line 2548.
LaTeX Info: Redefining \. on input line 2548.
LaTeX Info: Redefining \% on input line 2548.

[79]
Package atveryend Info: Empty hook `AfterLastShipout' on input line 2548.
 (AnalisisVectorial.aux
LaTeX Info: Redefining \. on input line 23.
LaTeX Info: Redefining \% on input line 23.
)
Package atveryend Info: Executing hook `AtVeryEndDocument' on input line 2548.
Package atveryend Info: Executing hook `AtEndAfterFileList' on input line 2548.

Package rerunfilecheck Info: File `AnalisisVectorial.out' has not changed.
(rerunfilecheck)             Checksum: 7AD9422C72D7020AAC82F0B2E1B9D24A;11692.


LaTeX Warning: There were undefined references.

Package atveryend Info: Empty hook `AtVeryVeryEnd' on input line 2548.
 ) 
Here is how much of TeX's memory you used:
 22943 strings out of 493352
 398079 string characters out of 3137107
 512135 words of memory out of 3000000
 25870 multiletter control sequences out of 15000+200000
 568461 words of font info for 118 fonts, out of 3000000 for 9000
 1127 hyphenation exceptions out of 8191
 61i,27n,52p,10442b,778s stack positions out of 5000i,500n,10000p,200000b,50000s
pdfTeX warning (dest): name{section.0.0} has been referenced but does not exi
st, replaced by a fixed one

pdfTeX warning (dest): name{chapter.0} has been referenced but does not exist, 
replaced by a fixed one

 <C:\Users\alan-\AppData\Local\MiKTeX\2.9\fonts\pk\ljfour\jknappen\ec\dpi600\ec
ti1000.pk> <C:\Users\alan-\AppData\Local\MiKTeX\2.9\fonts\pk\ljfour\jknappen\ec
\dpi600\ecbi1200.pk> <C:\Users\alan-\AppData\Local\MiKTeX\2.9\fonts\pk\ljfour\j
knappen\ec\dpi600\ecrm0800.pk> <C:\Users\alan-\AppData\Local\MiKTeX\2.9\fonts\p
k\ljfour\jknappen\ec\dpi600\ecrm1000.pk> <C:\Users\alan-\AppData\Local\MiKTeX\2
.9\fonts\pk\ljfour\jknappen\ec\dpi600\ecbx1000.pk> <C:\Users\alan-\AppData\Loca
l\MiKTeX\2.9\fonts\pk\ljfour\jknappen\ec\dpi600\ecti1200.pk> <C:\Users\alan-\Ap
pData\Local\MiKTeX\2.9\fonts\pk\ljfour\jknappen\ec\dpi600\ecbx1728.pk> <C:\User
s\alan-\AppData\Local\MiKTeX\2.9\fonts\pk\ljfour\jknappen\ec\dpi600\eccc1095.pk
> <C:\Users\alan-\AppData\Local\MiKTeX\2.9\fonts\pk\ljfour\jknappen\ec\dpi600\e
ccc1000.pk> <C:\Users\alan-\AppData\Local\MiKTeX\2.9\fonts\pk\ljfour\jknappen\e
c\dpi600\eccc1200.pk> <C:\Users\alan-\AppData\Local\MiKTeX\2.9\fonts\pk\ljfour\
jknappen\ec\dpi600\ecrm1200.pk> <C:\Users\alan-\AppData\Local\MiKTeX\2.9\fonts\
pk\ljfour\jknappen\ec\dpi600\ecbx1200.pk> <C:\Users\alan-\AppData\Local\MiKTeX\
2.9\fonts\pk\ljfour\jknappen\ec\dpi600\ecbx1440.pk> <C:\Users\alan-\AppData\Loc
al\MiKTeX\2.9\fonts\pk\ljfour\jknappen\ec\dpi600\ecbx2488.pk> <C:\Users\alan-\A
ppData\Local\MiKTeX\2.9\fonts\pk\ljfour\jknappen\ec\dpi600\ecss1440.pk> <C:\Use
rs\alan-\AppData\Local\MiKTeX\2.9\fonts\pk\ljfour\jknappen\ec\dpi600\ecss2074.p
k> <C:\Users\alan-\AppData\Local\MiKTeX\2.9\fonts\pk\ljfour\jknappen\ec\dpi600\
eccc2488.pk> <C:\Users\alan-\AppData\Local\MiKTeX\2.9\fonts\pk\ljfour\jknappen\
ec\dpi921\ecbx3583.pk> <C:\Users\alan-\AppData\Local\MiKTeX\2.9\fonts\pk\ljfour
\jknappen\ec\dpi600\ecxc2488.pk><C:/Program Files (x86)/MiKTeX 2.9/fonts/type1/
public/amsfonts/cm/cmbx12.pfb><C:/Program Files (x86)/MiKTeX 2.9/fonts/type1/pu
blic/amsfonts/cm/cmex10.pfb><C:/Program Files (x86)/MiKTeX 2.9/fonts/type1/publ
ic/amsfonts/cm/cmmi10.pfb><C:/Program Files (x86)/MiKTeX 2.9/fonts/type1/public
/amsfonts/cm/cmmi12.pfb><C:/Program Files (x86)/MiKTeX 2.9/fonts/type1/public/a
msfonts/cm/cmmi7.pfb><C:/Program Files (x86)/MiKTeX 2.9/fonts/type1/public/amsf
onts/cm/cmmi8.pfb><C:/Program Files (x86)/MiKTeX 2.9/fonts/type1/public/amsfont
s/cm/cmr10.pfb><C:/Program Files (x86)/MiKTeX 2.9/fonts/type1/public/amsfonts/c
m/cmr12.pfb><C:/Program Files (x86)/MiKTeX 2.9/fonts/type1/public/amsfonts/cm/c
mr7.pfb><C:/Program Files (x86)/MiKTeX 2.9/fonts/type1/public/amsfonts/cm/cmr8.
pfb><C:/Program Files (x86)/MiKTeX 2.9/fonts/type1/public/amsfonts/cm/cmsy10.pf
b><C:/Program Files (x86)/MiKTeX 2.9/fonts/type1/public/amsfonts/cm/cmsy7.pfb><
C:/Program Files (x86)/MiKTeX 2.9/fonts/type1/public/amsfonts/cm/cmsy8.pfb><C:/
Program Files (x86)/MiKTeX 2.9/fonts/type1/public/amsfonts/latxfont/line10.pfb>
<C:/Program Files (x86)/MiKTeX 2.9/fonts/type1/public/amsfonts/symbols/msbm10.p
fb>
Output written on AnalisisVectorial.pdf (80 pages, 1537506 bytes).
PDF statistics:
 2305 PDF objects out of 2487 (max. 8388607)
 252 named destinations out of 1000 (max. 500000)
 1325 words of extra memory for PDF output out of 10000 (max. 10000000)

