\BOOKMARK [-1][-]{part.1}{I Introducci\363n a los Vectores sobre `39`42`"613A``45`47`"603AR}{}% 1
\BOOKMARK [0][-]{chapter.1}{Conceptos B\341sicos}{part.1}% 2
\BOOKMARK [1][-]{section.1.1}{Definici\363n de Escalar}{chapter.1}% 3
\BOOKMARK [1][-]{section.1.2}{Definici\363n de Vector}{chapter.1}% 4
\BOOKMARK [2][-]{subsection.1.2.1}{Punto de Vista Geom\351trico}{section.1.2}% 5
\BOOKMARK [2][-]{subsection.1.2.2}{Punto de Vista Algebr\341ico}{section.1.2}% 6
\BOOKMARK [1][-]{section.1.3}{Relaciones entre Puntos y Vectores}{chapter.1}% 7
\BOOKMARK [2][-]{subsection.1.3.1}{Vector Posici\363n}{section.1.3}% 8
\BOOKMARK [2][-]{subsection.1.3.2}{Vector Desplazamiento}{section.1.3}% 9
\BOOKMARK [2][-]{subsection.1.3.3}{Ejemplo}{section.1.3}% 10
\BOOKMARK [0][-]{chapter.2}{\301lgebra B\341sica Vectorial}{part.1}% 11
\BOOKMARK [1][-]{section.2.1}{Operaciones B\341sicas}{chapter.2}% 12
\BOOKMARK [2][-]{subsection.2.1.1}{Igualdad de Vectores}{section.2.1}% 13
\BOOKMARK [2][-]{subsection.2.1.2}{Suma y Resta}{section.2.1}% 14
\BOOKMARK [2][-]{subsection.2.1.3}{Multiplicaci\363n por Escalar y Propiedades}{section.2.1}% 15
\BOOKMARK [1][-]{section.2.2}{Propiedades de Operaciones}{chapter.2}% 16
\BOOKMARK [1][-]{section.2.3}{Hablando sobre este Espacio Vectorial}{chapter.2}% 17
\BOOKMARK [1][-]{section.2.4}{Magnitud}{chapter.2}% 18
\BOOKMARK [1][-]{section.2.5}{Vector Unitario}{chapter.2}% 19
\BOOKMARK [2][-]{subsection.2.5.1}{Normalizaci\363n}{section.2.5}% 20
\BOOKMARK [2][-]{subsection.2.5.2}{Representaci\363n en Vectores Unitarios}{section.2.5}% 21
\BOOKMARK [1][-]{section.2.6}{Dependencia e Independencia Lineal}{chapter.2}% 22
\BOOKMARK [2][-]{subsection.2.6.1}{Ideas Importantes}{section.2.6}% 23
\BOOKMARK [2][-]{subsection.2.6.2}{\277C\363mo saber si mi Conjunto de Vectores es L.I. o L.D.?}{section.2.6}% 24
\BOOKMARK [0][-]{chapter.3}{Producto entre Vectores}{part.1}% 25
\BOOKMARK [1][-]{section.3.1}{Producto Punto}{chapter.3}% 26
\BOOKMARK [2][-]{subsection.3.1.1}{Definici\363n e Ideas}{section.3.1}% 27
\BOOKMARK [2][-]{subsection.3.1.2}{Propiedades de Producto Punto}{section.3.1}% 28
\BOOKMARK [2][-]{subsection.3.1.3}{Propiedades Extra e Interesantes del Producto Punto}{section.3.1}% 29
\BOOKMARK [2][-]{subsection.3.1.4}{\301ngulo entre Vectores y Definici\363n Alterna de P. Punto}{section.3.1}% 30
\BOOKMARK [2][-]{subsection.3.1.5}{Definici\363n de los Vectores Ortogonales por P. Punto}{section.3.1}% 31
\BOOKMARK [2][-]{subsection.3.1.6}{Proyecci\363n de un Vector sobre Otro}{section.3.1}% 32
\BOOKMARK [2][-]{subsection.3.1.7}{Cosenos Directores}{section.3.1}% 33
\BOOKMARK [2][-]{subsection.3.1.8}{Desigualdad de Cauchy-Schwarz}{section.3.1}% 34
\BOOKMARK [2][-]{subsection.3.1.9}{Desigualdad del Tri\341ngulo}{section.3.1}% 35
\BOOKMARK [1][-]{section.3.2}{Producto cruz}{chapter.3}% 36
\BOOKMARK [2][-]{subsection.3.2.1}{Definici\363n e ideas}{section.3.2}% 37
\BOOKMARK [2][-]{subsection.3.2.2}{\301rea de un tri\341ngulo}{section.3.2}% 38
\BOOKMARK [2][-]{subsection.3.2.3}{\301rea de un paralelogramo en t\351rminos de sus diagonales}{section.3.2}% 39
\BOOKMARK [2][-]{subsection.3.2.4}{Demostraci\363n de la ley de senos}{section.3.2}% 40
\BOOKMARK [1][-]{section.3.3}{Producto triple}{chapter.3}% 41
\BOOKMARK [2][-]{subsection.3.3.1}{Volumen de un paralelep\355pedo}{section.3.3}% 42
\BOOKMARK [1][-]{section.3.4}{Identidades de productos}{chapter.3}% 43
\BOOKMARK [0][-]{chapter.4}{Aplicaciones a la geometr\355a}{part.1}% 44
\BOOKMARK [1][-]{section.4.1}{Ecuaci\363n del plano}{chapter.4}% 45
\BOOKMARK [2][-]{subsection.4.1.1}{Punto y vector normal}{section.4.1}% 46
\BOOKMARK [2][-]{subsection.4.1.2}{Tres puntos}{section.4.1}% 47
\BOOKMARK [2][-]{subsection.4.1.3}{Punto y dos vectores paralelos}{section.4.1}% 48
\BOOKMARK [1][-]{section.4.2}{Ecuaci\363n de la recta}{chapter.4}% 49
\BOOKMARK [2][-]{subsection.4.2.1}{Punto y vector paralelo}{section.4.2}% 50
\BOOKMARK [2][-]{subsection.4.2.2}{Dos puntos}{section.4.2}% 51
\BOOKMARK [1][-]{section.4.3}{Ecuaci\363n de la esfera}{chapter.4}% 52
\BOOKMARK [1][-]{section.4.4}{Distancia punto-recta}{chapter.4}% 53
\BOOKMARK [2][-]{subsection.4.4.1}{M\351todo 1}{section.4.4}% 54
\BOOKMARK [2][-]{subsection.4.4.2}{M\351todo 2}{section.4.4}% 55
\BOOKMARK [2][-]{subsection.4.4.3}{Extra: reflexi\363n de un punto sobre una recta}{section.4.4}% 56
\BOOKMARK [1][-]{section.4.5}{Distancia punto-plano}{chapter.4}% 57
\BOOKMARK [1][-]{section.4.6}{Rotaciones en el espacio}{chapter.4}% 58
\BOOKMARK [2][-]{subsection.4.6.1}{Caso particular: rotaci\363n en el plano xy}{section.4.6}% 59
\BOOKMARK [1][-]{section.4.7}{Demostraciones geom\351tricas mediante vectores}{chapter.4}% 60
\BOOKMARK [-1][-]{part.2}{II C\341lculo diferencial vectorial}{}% 61
\BOOKMARK [0][-]{chapter.5}{Funciones de varias variables}{part.2}% 62
\BOOKMARK [1][-]{section.5.1}{Representaci\363n como superficies}{chapter.5}% 63
\BOOKMARK [2][-]{subsection.5.1.1}{Curvas de nivel y de contorno}{section.5.1}% 64
\BOOKMARK [1][-]{section.5.2}{L\355mites}{chapter.5}% 65
\BOOKMARK [2][-]{subsection.5.2.1}{Definici\363n intuitiva}{section.5.2}% 66
\BOOKMARK [2][-]{subsection.5.2.2}{Definici\363n formal}{section.5.2}% 67
\BOOKMARK [1][-]{section.5.3}{Continuidad}{chapter.5}% 68
\BOOKMARK [1][-]{section.5.4}{Derivadas parciales}{chapter.5}% 69
\BOOKMARK [2][-]{subsection.5.4.1}{Plano tangente a una superficie}{section.5.4}% 70
\BOOKMARK [2][-]{subsection.5.4.2}{Diferenciabilidad}{section.5.4}% 71
\BOOKMARK [2][-]{subsection.5.4.3}{Derivadas de orden superior}{section.5.4}% 72
\BOOKMARK [1][-]{section.5.5}{Gradiente}{chapter.5}% 73
\BOOKMARK [1][-]{section.5.6}{Regla de la cadena}{chapter.5}% 74
\BOOKMARK [2][-]{subsection.5.6.1}{Diferencial total}{section.5.6}% 75
\BOOKMARK [1][-]{section.5.7}{Derivada direccional}{chapter.5}% 76
\BOOKMARK [1][-]{section.5.8}{Puntos cr\355ticos}{chapter.5}% 77
\BOOKMARK [2][-]{subsection.5.8.1}{M\341ximos, m\355nimos y puntos silla}{section.5.8}% 78
\BOOKMARK [2][-]{subsection.5.8.2}{Criterio del hessiano}{section.5.8}% 79
\BOOKMARK [1][-]{section.5.9}{Multiplicadores de Lagrange}{chapter.5}% 80
\BOOKMARK [0][-]{chapter.6}{Funciones vectoriales}{part.2}% 81
\BOOKMARK [1][-]{section.6.1}{Curvas en forma param\351trica}{chapter.6}% 82
\BOOKMARK [2][-]{subsection.6.1.1}{Reglas de derivaci\363n}{section.6.1}% 83
\BOOKMARK [2][-]{subsection.6.1.2}{Velocidad y aceleraci\363n}{section.6.1}% 84
\BOOKMARK [2][-]{subsection.6.1.3}{Longitud de arco}{section.6.1}% 85
\BOOKMARK [2][-]{subsection.6.1.4}{Parametrizaci\363n por longitud de arco}{section.6.1}% 86
\BOOKMARK [2][-]{subsection.6.1.5}{Geometr\355a diferencial}{section.6.1}% 87
\BOOKMARK [1][-]{section.6.2}{Campos vectoriales}{chapter.6}% 88
\BOOKMARK [2][-]{subsection.6.2.1}{L\355neas de campo}{section.6.2}% 89
\BOOKMARK [2][-]{subsection.6.2.2}{Derivadas parciales}{section.6.2}% 90
\BOOKMARK [1][-]{section.6.3}{Operador nabla}{chapter.6}% 91
\BOOKMARK [2][-]{subsection.6.3.1}{Gradiente}{section.6.3}% 92
\BOOKMARK [2][-]{subsection.6.3.2}{Divergencia}{section.6.3}% 93
\BOOKMARK [2][-]{subsection.6.3.3}{Rotacional}{section.6.3}% 94
\BOOKMARK [2][-]{subsection.6.3.4}{Laplaciano}{section.6.3}% 95
\BOOKMARK [2][-]{subsection.6.3.5}{Propiedades}{section.6.3}% 96
\BOOKMARK [-1][-]{part.3}{III C\341lculo integral vectorial}{}% 97
\BOOKMARK [0][-]{chapter.7}{Integrales multivariable}{part.3}% 98
\BOOKMARK [1][-]{section.7.1}{Regiones}{chapter.7}% 99
\BOOKMARK [2][-]{subsection.7.1.1}{Regiones del plano y tipos}{section.7.1}% 100
\BOOKMARK [2][-]{subsection.7.1.2}{Regiones del espacio y tipos}{section.7.1}% 101
\BOOKMARK [1][-]{section.7.2}{Integrales iteradas}{chapter.7}% 102
\BOOKMARK [1][-]{section.7.3}{Integrales dobles}{chapter.7}% 103
\BOOKMARK [2][-]{subsection.7.3.1}{Integraci\363n sobre regiones arbitrarias}{section.7.3}% 104
\BOOKMARK [2][-]{subsection.7.3.2}{\277C\363mo hallar los l\355mites de integraci\363n?}{section.7.3}% 105
\BOOKMARK [2][-]{subsection.7.3.3}{Teorema de Fubini}{section.7.3}% 106
\BOOKMARK [1][-]{section.7.4}{Integrales triples}{chapter.7}% 107
\BOOKMARK [2][-]{subsection.7.4.1}{Integraci\363n sobre regiones arbitrarias}{section.7.4}% 108
\BOOKMARK [2][-]{subsection.7.4.2}{\277C\363mo hallar los l\355mites de integraci\363n?}{section.7.4}% 109
\BOOKMARK [1][-]{section.7.5}{Cambio de variable en 2 y 3 dimensiones}{chapter.7}% 110
\BOOKMARK [2][-]{subsection.7.5.1}{Transformaci\363n de coordenadas}{section.7.5}% 111
\BOOKMARK [2][-]{subsection.7.5.2}{Jacobiano}{section.7.5}% 112
\BOOKMARK [1][-]{section.7.6}{Aplicaciones}{chapter.7}% 113
\BOOKMARK [2][-]{subsection.7.6.1}{Valor promedio}{section.7.6}% 114
\BOOKMARK [2][-]{subsection.7.6.2}{Centro de masa}{section.7.6}% 115
\BOOKMARK [2][-]{subsection.7.6.3}{Momento de inercia}{section.7.6}% 116
\BOOKMARK [0][-]{chapter.8}{Integrales de funciones vectoriales}{part.3}% 117
\BOOKMARK [1][-]{section.8.1}{Integrales de l\355nea}{chapter.8}% 118
\BOOKMARK [2][-]{subsection.8.1.1}{Funci\363n escalar}{section.8.1}% 119
\BOOKMARK [2][-]{subsection.8.1.2}{Funci\363n vectorial}{section.8.1}% 120
\BOOKMARK [2][-]{subsection.8.1.3}{Campos conservativos}{section.8.1}% 121
\BOOKMARK [1][-]{section.8.2}{Integrales de superficie}{chapter.8}% 122
\BOOKMARK [2][-]{subsection.8.2.1}{Superficies en forma param\351trica}{section.8.2}% 123
\BOOKMARK [2][-]{subsection.8.2.2}{Funci\363n escalar}{section.8.2}% 124
\BOOKMARK [2][-]{subsection.8.2.3}{Funci\363n vectorial}{section.8.2}% 125
\BOOKMARK [1][-]{section.8.3}{Integrales de volumen}{chapter.8}% 126
\BOOKMARK [2][-]{subsection.8.3.1}{Regiones del espacio en forma param\351trica}{section.8.3}% 127
\BOOKMARK [2][-]{subsection.8.3.2}{Funci\363n escalar}{section.8.3}% 128
\BOOKMARK [1][-]{section.8.4}{Consejos para parametrizar y definir l\355mites}{chapter.8}% 129
\BOOKMARK [0][-]{chapter.9}{Teoremas de integraci\363n}{part.3}% 130
\BOOKMARK [1][-]{section.9.1}{Teorema de Green}{chapter.9}% 131
\BOOKMARK [2][-]{subsection.9.1.1}{C\341lculo de \341reas dado el contorno}{section.9.1}% 132
\BOOKMARK [1][-]{section.9.2}{Teorema de Stokes}{chapter.9}% 133
\BOOKMARK [2][-]{subsection.9.2.1}{Frontera de una superficie}{section.9.2}% 134
\BOOKMARK [1][-]{section.9.3}{Teorema de la divergencia de Gauss}{chapter.9}% 135
\BOOKMARK [2][-]{subsection.9.3.1}{Superficie cerrada}{section.9.3}% 136
\BOOKMARK [-1][-]{part.4}{IV Coordenadas curvil\355neas}{}% 137
\BOOKMARK [0][-]{chapter.10}{Coordenadas curvil\355neas generalizadas}{part.4}% 138
\BOOKMARK [1][-]{section.10.1}{Transformaci\363n de coordenadas}{chapter.10}% 139
\BOOKMARK [1][-]{section.10.2}{Sistemas ortogonales}{chapter.10}% 140
\BOOKMARK [1][-]{section.10.3}{Vectores unitarios}{chapter.10}% 141
\BOOKMARK [2][-]{subsection.10.3.1}{Factores de escala}{section.10.3}% 142
\BOOKMARK [1][-]{section.10.4}{Integraci\363n}{chapter.10}% 143
\BOOKMARK [2][-]{subsection.10.4.1}{Elemento de l\355nea}{section.10.4}% 144
\BOOKMARK [2][-]{subsection.10.4.2}{Elemento de longitud de arco}{section.10.4}% 145
\BOOKMARK [2][-]{subsection.10.4.3}{Elemento de \341rea}{section.10.4}% 146
\BOOKMARK [2][-]{subsection.10.4.4}{Elemento de volumen}{section.10.4}% 147
\BOOKMARK [1][-]{section.10.5}{Operador nabla}{chapter.10}% 148
\BOOKMARK [2][-]{subsection.10.5.1}{Gradiente}{section.10.5}% 149
\BOOKMARK [2][-]{subsection.10.5.2}{Divergencia}{section.10.5}% 150
\BOOKMARK [2][-]{subsection.10.5.3}{Rotacional}{section.10.5}% 151
\BOOKMARK [2][-]{subsection.10.5.4}{Laplaciano}{section.10.5}% 152
\BOOKMARK [1][-]{section.10.6}{Sistemas comunes de coordenadas}{chapter.10}% 153
\BOOKMARK [2][-]{subsection.10.6.1}{Cil\355ndricas}{section.10.6}% 154
\BOOKMARK [2][-]{subsection.10.6.2}{Esf\351ricas}{section.10.6}% 155
